#
# There is insufficient memory for the Java Runtime Environment to continue.
# Native memory allocation (malloc) failed to allocate 1048576 bytes. Error detail: AllocateHeap
# Possible reasons:
#   The system is out of physical RAM or swap space
#   This process is running with CompressedOops enabled, and the Java Heap may be blocking the growth of the native heap
# Possible solutions:
#   Reduce memory load on the system
#   Increase physical memory or swap space
#   Check if swap backing store is full
#   Decrease Java heap size (-Xmx/-Xms)
#   Decrease number of Java threads
#   Decrease Java thread stack sizes (-Xss)
#   Set larger code cache with -XX:ReservedCodeCacheSize=
#   JVM is running with Unscaled Compressed Oops mode in which the Java heap is
#     placed in the first 4GB address space. The Java Heap base address is the
#     maximum limit for the native heap growth. Please use -XX:HeapBaseMinAddress
#     to set the Java Heap base and to place the Java Heap above 4GB virtual address.
# This output file may be truncated or incomplete.
#
#  Out of Memory Error (allocation.cpp:44), pid=16496, tid=12568
#
# JRE version: OpenJDK Runtime Environment Temurin-21.0.10+7 (21.0.10+7) (build 21.0.10+7-LTS)
# Java VM: OpenJDK 64-Bit Server VM Temurin-21.0.10+7 (21.0.10+7-LTS, mixed mode, sharing, tiered, compressed oops, compressed class ptrs, parallel gc, windows-amd64)
# No core dump will be written. Minidumps are not enabled by default on client versions of Windows
#

---------------  S U M M A R Y ------------

Command Line: --add-modules=ALL-SYSTEM --add-opens=java.base/java.util=ALL-UNNAMED --add-opens=java.base/java.lang=ALL-UNNAMED --add-opens=java.base/sun.nio.fs=ALL-UNNAMED -Declipse.application=org.eclipse.jdt.ls.core.id1 -Dosgi.bundles.defaultStartLevel=4 -Declipse.product=org.eclipse.jdt.ls.core.product -Djava.import.generatesMetadataFilesAtProjectRoot=false -DDetectVMInstallationsJob.disabled=true -Dfile.encoding=utf8 -XX:+UseParallelGC -XX:GCTimeRatio=4 -XX:AdaptiveSizePolicyWeight=90 -Dsun.zip.disableMemoryMapping=true -Xmx2G -Xms100m -Xlog:disable -javaagent:c:\Users\rahul\.vscode\extensions\redhat.java-1.53.0-win32-x64\lombok\lombok-1.18.39-4050.jar -XX:+HeapDumpOnOutOfMemoryError -XX:HeapDumpPath=c:\Users\rahul\AppData\Roaming\Code\User\workspaceStorage\a6ae2ffe8394f0ba21be2d84e92d98ce\redhat.java -Daether.dependencyCollector.impl=bf c:\Users\rahul\.vscode\extensions\redhat.java-1.53.0-win32-x64\server\plugins\org.eclipse.equinox.launcher_1.7.100.v20251111-0406.jar -configuration c:\Users\rahul\AppData\Roaming\Code\User\globalStorage\redhat.java\1.53.0\config_win -data c:\Users\rahul\AppData\Roaming\Code\User\workspaceStorage\a6ae2ffe8394f0ba21be2d84e92d98ce\redhat.java\jdt_ws --pipe=\\.\pipe\lsp-bb52fa1958632a3ca2f3384a79f2a823-sock

Host: AMD Ryzen 3 3250U with Radeon Graphics         , 4 cores, 3G,  Windows 11 , 64 bit Build 26100 (10.0.26100.7920)
Time: Mon Mar 30 18:01:39 2026 India Standard Time elapsed time: 2723.101335 seconds (0d 0h 45m 23s)

---------------  T H R E A D  ---------------

Current thread (0x0000013555142120):  JavaThread "Attach Listener" daemon [_thread_in_vm, id=12568, stack(0x0000002db8b00000,0x0000002db8c00000) (1024K)]

Stack: [0x0000002db8b00000,0x0000002db8c00000]
Native frames: (J=compiled Java code, j=interpreted, Vv=VM code, C=native code)
V  [jvm.dll+0x6d7a39]
V  [jvm.dll+0x8b4b26]
V  [jvm.dll+0x8b70de]
V  [jvm.dll+0x8b77c3]
V  [jvm.dll+0x284346]
V  [jvm.dll+0xc1277]
V  [jvm.dll+0x6d82e9]
V  [jvm.dll+0x1334a6]
V  [jvm.dll+0x3f857e]
V  [jvm.dll+0x85f59d]
V  [jvm.dll+0x6d626d]
C  [ucrtbase.dll+0x37b0]
C  [KERNEL32.DLL+0x2e8d7]
C  [ntdll.dll+0x8c48c]


---------------  P R O C E S S  ---------------

Threads class SMR info:
_java_thread_list=0x0000013573ccd850, length=31, elements={
0x000001355524e430, 0x00000135551397f0, 0x000001355513ddc0, 0x000001355513ff60,
0x0000013555142120, 0x0000013555144c90, 0x00000135551456f0, 0x0000013555148540,
0x00000135551c10e0, 0x000001356c8f05d0, 0x000001356c964370, 0x00000135713804d0,
0x000001356cacbd20, 0x000001356cb60820, 0x0000013555187340, 0x00000135718d67e0,
0x0000013571790b20, 0x00000135716371d0, 0x0000013571d78dd0, 0x0000013571d7b530,
0x000001356c855c30, 0x000001356c858390, 0x000001356c8562c0, 0x000001356c857670,
0x000001356c858a20, 0x000001356c8555a0, 0x000001356c85bea0, 0x000001356c85c530,
0x000001357495d740, 0x000001357495eaf0, 0x000001356c857d00
}

Java Threads: ( => current thread )
  0x000001355524e430 JavaThread "main"                              [_thread_blocked, id=14272, stack(0x0000002db8400000,0x0000002db8500000) (1024K)]
  0x00000135551397f0 JavaThread "Reference Handler"          daemon [_thread_blocked, id=11000, stack(0x0000002db8800000,0x0000002db8900000) (1024K)]
  0x000001355513ddc0 JavaThread "Finalizer"                  daemon [_thread_blocked, id=8228, stack(0x0000002db8900000,0x0000002db8a00000) (1024K)]
  0x000001355513ff60 JavaThread "Signal Dispatcher"          daemon [_thread_blocked, id=14812, stack(0x0000002db8a00000,0x0000002db8b00000) (1024K)]
=>0x0000013555142120 JavaThread "Attach Listener"            daemon [_thread_in_vm, id=12568, stack(0x0000002db8b00000,0x0000002db8c00000) (1024K)]
  0x0000013555144c90 JavaThread "Service Thread"             daemon [_thread_blocked, id=15400, stack(0x0000002db8c00000,0x0000002db8d00000) (1024K)]
  0x00000135551456f0 JavaThread "Monitor Deflation Thread"   daemon [_thread_blocked, id=7604, stack(0x0000002db8d00000,0x0000002db8e00000) (1024K)]
  0x0000013555148540 JavaThread "C2 CompilerThread0"         daemon [_thread_blocked, id=16156, stack(0x0000002db8e00000,0x0000002db8f00000) (1024K)]
  0x00000135551c10e0 JavaThread "C1 CompilerThread0"         daemon [_thread_blocked, id=16172, stack(0x0000002db8f00000,0x0000002db9000000) (1024K)]
  0x000001356c8f05d0 JavaThread "Common-Cleaner"             daemon [_thread_blocked, id=14100, stack(0x0000002db9000000,0x0000002db9100000) (1024K)]
  0x000001356c964370 JavaThread "Notification Thread"        daemon [_thread_blocked, id=16980, stack(0x0000002db9100000,0x0000002db9200000) (1024K)]
  0x00000135713804d0 JavaThread "Active Thread: Equinox Container: d197f936-50ea-447b-8b77-1657a61d9875"        [_thread_blocked, id=6908, stack(0x0000002db9500000,0x0000002db9600000) (1024K)]
  0x000001356cacbd20 JavaThread "Refresh Thread: Equinox Container: d197f936-50ea-447b-8b77-1657a61d9875" daemon [_thread_blocked, id=15504, stack(0x0000002db9600000,0x0000002db9700000) (1024K)]
  0x000001356cb60820 JavaThread "Framework Event Dispatcher: Equinox Container: d197f936-50ea-447b-8b77-1657a61d9875" daemon [_thread_blocked, id=16752, stack(0x0000002db9700000,0x0000002db9800000) (1024K)]
  0x0000013555187340 JavaThread "Start Level: Equinox Container: d197f936-50ea-447b-8b77-1657a61d9875" daemon [_thread_blocked, id=11056, stack(0x0000002db9800000,0x0000002db9900000) (1024K)]
  0x00000135718d67e0 JavaThread "Bundle File Closer"         daemon [_thread_blocked, id=14660, stack(0x0000002db9900000,0x0000002db9a00000) (1024K)]
  0x0000013571790b20 JavaThread "SCR Component Actor"        daemon [_thread_blocked, id=12536, stack(0x0000002db9a00000,0x0000002db9b00000) (1024K)]
  0x00000135716371d0 JavaThread "Worker-JM"                         [_thread_blocked, id=16564, stack(0x0000002db9b00000,0x0000002db9c00000) (1024K)]
  0x0000013571d78dd0 JavaThread "JNA Cleaner"                daemon [_thread_blocked, id=5236, stack(0x0000002db9c00000,0x0000002db9d00000) (1024K)]
  0x0000013571d7b530 JavaThread "Java indexing"              daemon [_thread_blocked, id=11520, stack(0x0000002dba100000,0x0000002dba200000) (1024K)]
  0x000001356c855c30 JavaThread "Thread-1"                   daemon [_thread_in_native, id=17152, stack(0x0000002dba800000,0x0000002dba900000) (1024K)]
  0x000001356c858390 JavaThread "Thread-2"                   daemon [_thread_in_native, id=2460, stack(0x0000002dba900000,0x0000002dbaa00000) (1024K)]
  0x000001356c8562c0 JavaThread "Thread-3"                   daemon [_thread_in_native, id=13200, stack(0x0000002dbaa00000,0x0000002dbab00000) (1024K)]
  0x000001356c857670 JavaThread "Thread-4"                   daemon [_thread_in_native, id=16452, stack(0x0000002dbab00000,0x0000002dbac00000) (1024K)]
  0x000001356c858a20 JavaThread "Thread-5"                   daemon [_thread_in_native, id=8632, stack(0x0000002dbac00000,0x0000002dbad00000) (1024K)]
  0x000001356c8555a0 JavaThread "pool-2-thread-1"                   [_thread_blocked, id=3528, stack(0x0000002dbad00000,0x0000002dbae00000) (1024K)]
  0x000001356c85bea0 JavaThread "WorkspaceEventsHandler"            [_thread_blocked, id=16784, stack(0x0000002dbae00000,0x0000002dbaf00000) (1024K)]
  0x000001356c85c530 JavaThread "pool-1-thread-1"                   [_thread_blocked, id=14736, stack(0x0000002dbaf00000,0x0000002dbb000000) (1024K)]
  0x000001357495d740 JavaThread "Cleaner-0"                  daemon [_thread_blocked, id=2712, stack(0x0000002dbb900000,0x0000002dbba00000) (1024K)]
  0x000001357495eaf0 JavaThread "Worker-7"                          [_thread_blocked, id=1096, stack(0x0000002dba000000,0x0000002dba100000) (1024K)]
  0x000001356c857d00 JavaThread "Worker-8"                          [_thread_blocked, id=14872, stack(0x0000002dba400000,0x0000002dba500000) (1024K)]
Total: 31

Other Threads:
  0x000001355530d470 VMThread "VM Thread"                           [id=14900, stack(0x0000002db8700000,0x0000002db8800000) (1024K)]
  0x00000135550dca00 WatcherThread "VM Periodic Task Thread"        [id=16840, stack(0x0000002db8600000,0x0000002db8700000) (1024K)]
  0x000001355526cca0 WorkerThread "GC Thread#0"                     [id=1408, stack(0x0000002db8500000,0x0000002db8600000) (1024K)]
  0x000001356cae0530 WorkerThread "GC Thread#1"                     [id=8748, stack(0x0000002db9200000,0x0000002db9300000) (1024K)]
  0x000001356cac2470 WorkerThread "GC Thread#2"                     [id=15176, stack(0x0000002db9300000,0x0000002db9400000) (1024K)]
  0x000001356cac2820 WorkerThread "GC Thread#3"                     [id=12280, stack(0x0000002db9400000,0x0000002db9500000) (1024K)]
Total: 6

Threads with active compile tasks:
Total: 0

VM state: not at safepoint (normal execution)

VM Mutex/Monitor currently owned by a thread: None

Heap address: 0x0000000080000000, size: 2048 MB, Compressed Oops mode: 32-bit

CDS archive(s) mapped at: [0x0000013500000000-0x0000013500ba0000-0x0000013500ba0000), size 12189696, SharedBaseAddress: 0x0000013500000000, ArchiveRelocationMode: 1.
Compressed class space mapped at: 0x0000013501000000-0x0000013541000000, reserved size: 1073741824
Narrow klass base: 0x0000013500000000, Narrow klass shift: 0, Narrow klass range: 0x100000000

GC Precious Log:
 CardTable entry size: 512
 CPUs: 4 total, 4 available
 Memory: 3521M
 Large Page Support: Disabled
 NUMA Support: Disabled
 Compressed Oops: Enabled (32-bit)
 Alignments: Space 512K, Generation 512K, Heap 2M
 Heap Min Capacity: 100M
 Heap Initial Capacity: 100M
 Heap Max Capacity: 2G
 Pre-touch: Disabled
 Parallel Workers: 4

Heap:
 PSYoungGen      total 13312K, used 7032K [0x00000000d5580000, 0x00000000d6a00000, 0x0000000100000000)
  eden space 12800K, 53% used [0x00000000d5580000,0x00000000d5c362a0,0x00000000d6200000)
  from space 512K, 31% used [0x00000000d6980000,0x00000000d69a8000,0x00000000d6a00000)
  to   space 1024K, 0% used [0x00000000d6800000,0x00000000d6800000,0x00000000d6900000)
 ParOldGen       total 82432K, used 82243K [0x0000000080000000, 0x0000000085080000, 0x00000000d5580000)
  object space 82432K, 99% used [0x0000000080000000,0x0000000085050d58,0x0000000085080000)
 Metaspace       used 76597K, committed 78144K, reserved 1179648K
  class space    used 8124K, committed 8768K, reserved 1048576K

Card table byte_map: [0x0000013554bf0000,0x0000013555000000] _byte_map_base: 0x00000135547f0000

Marking Bits: (ParMarkBitMap*) 0x00007ff9dde33450
 Begin Bits: [0x0000013567700000, 0x0000013569700000)
 End Bits:   [0x0000013569700000, 0x000001356b700000)

Polling page: 0x0000013553030000

Metaspace:

Usage:
  Non-class:     66.87 MB used.
      Class:      7.93 MB used.
       Both:     74.80 MB used.

Virtual space:
  Non-class space:      128.00 MB reserved,      67.75 MB ( 53%) committed,  2 nodes.
      Class space:        1.00 GB reserved,       8.56 MB ( <1%) committed,  1 nodes.
             Both:        1.12 GB reserved,      76.31 MB (  7%) committed. 

Chunk freelists:
   Non-Class:  12.08 MB
       Class:  7.35 MB
        Both:  19.43 MB

MaxMetaspaceSize: unlimited
CompressedClassSpaceSize: 1.00 GB
Initial GC threshold: 21.00 MB
Current GC threshold: 97.31 MB
CDS: on
 - commit_granule_bytes: 65536.
 - commit_granule_words: 8192.
 - virtual_space_node_default_size: 8388608.
 - enlarge_chunks_in_place: 1.
 - use_allocation_guard: 0.


Internal statistics:

num_allocs_failed_limit: 9.
num_arena_births: 1196.
num_arena_deaths: 22.
num_vsnodes_births: 3.
num_vsnodes_deaths: 0.
num_space_committed: 1221.
num_space_uncommitted: 0.
num_chunks_returned_to_freelist: 34.
num_chunks_taken_from_freelist: 4647.
num_chunk_merges: 16.
num_chunk_splits: 2871.
num_chunks_enlarged: 1674.
num_inconsistent_stats: 0.

CodeHeap 'non-profiled nmethods': size=120000Kb used=8691Kb max_used=8691Kb free=111308Kb
 bounds [0x000001355ff20000, 0x00000135607a0000, 0x0000013567450000]
CodeHeap 'profiled nmethods': size=120000Kb used=28086Kb max_used=28086Kb free=91913Kb
 bounds [0x0000013558450000, 0x0000013559fc0000, 0x000001355f980000]
CodeHeap 'non-nmethods': size=5760Kb used=1492Kb max_used=1576Kb free=4267Kb
 bounds [0x000001355f980000, 0x000001355fbf0000, 0x000001355ff20000]
CodeCache: size=245760Kb, used=38269Kb, max_used=38353Kb, free=207488Kb
 total_blobs=12751, nmethods=11937, adapters=717, full_count=0
Compilation: enabled, stopped_count=0, restarted_count=0

Compilation events (20 events):
Event: 2117.726 Thread 0x00000135551c10e0 12758       3       java.util.concurrent.ScheduledThreadPoolExecutor$DelayedWorkQueue::finishPoll (43 bytes)
Event: 2117.731 Thread 0x00000135551c10e0 nmethod 12758 0x0000013559fb3c90 code [0x0000013559fb3e60, 0x0000013559fb43e8]
Event: 2127.701 Thread 0x00000135551c10e0 12760   !   3       java.util.concurrent.ScheduledThreadPoolExecutor$DelayedWorkQueue::offer (123 bytes)
Event: 2127.730 Thread 0x00000135551c10e0 nmethod 12760 0x0000013559fb4590 code [0x0000013559fb48a0, 0x0000013559fb5c30]
Event: 2127.730 Thread 0x00000135551c10e0 12761       3       java.util.concurrent.ThreadPoolExecutor::ensurePrestart (41 bytes)
Event: 2127.743 Thread 0x00000135551c10e0 nmethod 12761 0x0000013559fb6490 code [0x0000013559fb6660, 0x0000013559fb6910]
Event: 2142.138 Thread 0x00000135551c10e0 12762   !   3       java.util.concurrent.FutureTask::runAndReset (125 bytes)
Event: 2142.161 Thread 0x00000135551c10e0 nmethod 12762 0x0000013559fb6a10 code [0x0000013559fb6e80, 0x0000013559fb92a0]
Event: 2142.161 Thread 0x00000135551c10e0 12763       3       java.util.concurrent.ScheduledThreadPoolExecutor$ScheduledFutureTask::setNextRunTime (38 bytes)
Event: 2142.163 Thread 0x00000135551c10e0 nmethod 12763 0x0000013559fb9e10 code [0x0000013559fb9fc0, 0x0000013559fba250]
Event: 2142.163 Thread 0x00000135551c10e0 12764       3       java.util.concurrent.ScheduledThreadPoolExecutor::reExecutePeriodic (49 bytes)
Event: 2142.168 Thread 0x00000135551c10e0 nmethod 12764 0x0000013559fba310 code [0x0000013559fba540, 0x0000013559fbacc0]
Event: 2226.993 Thread 0x00000135551c10e0 12765   !   3       java.util.logging.LogManager::ensureLogManagerInitialized (144 bytes)
Event: 2227.001 Thread 0x00000135551c10e0 nmethod 12765 0x0000013559fbaf10 code [0x0000013559fbb220, 0x0000013559fbc340]
Event: 2292.170 Thread 0x00000135551c10e0 12766       1       org.eclipse.osgi.internal.framework.EquinoxContainer::getStorage (5 bytes)
Event: 2292.173 Thread 0x00000135551c10e0 nmethod 12766 0x000001356079c910 code [0x000001356079caa0, 0x000001356079cb68]
Event: 2307.867 Thread 0x0000013555148540 12767       4       java.util.concurrent.TimeUnit::toNanos (45 bytes)
Event: 2307.872 Thread 0x0000013555148540 nmethod 12767 0x000001356079cc10 code [0x000001356079cda0, 0x000001356079ce98]
Event: 2628.146 Thread 0x00000135551c10e0 12768       3       org.eclipse.jdt.ls.core.internal.ParentProcessWatcher::run (83 bytes)
Event: 2628.206 Thread 0x00000135551c10e0 nmethod 12768 0x0000013559fbc910 code [0x0000013559fbcba0, 0x0000013559fbd5f8]

GC Heap History (20 events):
Event: 841.727 GC heap before
{Heap before GC invocations=54 (full 3):
 PSYoungGen      total 15360K, used 15341K [0x00000000d5580000, 0x00000000d6c00000, 0x0000000100000000)
  eden space 12800K, 100% used [0x00000000d5580000,0x00000000d6200000,0x00000000d6200000)
  from space 2560K, 99% used [0x00000000d6680000,0x00000000d68fb7e0,0x00000000d6900000)
  to   space 4608K, 0% used [0x00000000d6200000,0x00000000d6200000,0x00000000d6680000)
 ParOldGen       total 72192K, used 72063K [0x0000000080000000, 0x0000000084680000, 0x00000000d5580000)
  object space 72192K, 99% used [0x0000000080000000,0x000000008465fcf8,0x0000000084680000)
 Metaspace       used 75668K, committed 77248K, reserved 1179648K
  class space    used 8096K, committed 8768K, reserved 1048576K
}
Event: 841.733 GC heap after
{Heap after GC invocations=54 (full 3):
 PSYoungGen      total 17408K, used 4317K [0x00000000d5580000, 0x00000000d6b00000, 0x0000000100000000)
  eden space 12800K, 0% used [0x00000000d5580000,0x00000000d5580000,0x00000000d6200000)
  from space 4608K, 93% used [0x00000000d6200000,0x00000000d66377f0,0x00000000d6680000)
  to   space 4608K, 0% used [0x00000000d6680000,0x00000000d6680000,0x00000000d6b00000)
 ParOldGen       total 72192K, used 72095K [0x0000000080000000, 0x0000000084680000, 0x00000000d5580000)
  object space 72192K, 99% used [0x0000000080000000,0x0000000084667cf8,0x0000000084680000)
 Metaspace       used 75668K, committed 77248K, reserved 1179648K
  class space    used 8096K, committed 8768K, reserved 1048576K
}
Event: 841.967 GC heap before
{Heap before GC invocations=55 (full 3):
 PSYoungGen      total 17408K, used 17117K [0x00000000d5580000, 0x00000000d6b00000, 0x0000000100000000)
  eden space 12800K, 100% used [0x00000000d5580000,0x00000000d6200000,0x00000000d6200000)
  from space 4608K, 93% used [0x00000000d6200000,0x00000000d66377f0,0x00000000d6680000)
  to   space 4608K, 0% used [0x00000000d6680000,0x00000000d6680000,0x00000000d6b00000)
 ParOldGen       total 72192K, used 72095K [0x0000000080000000, 0x0000000084680000, 0x00000000d5580000)
  object space 72192K, 99% used [0x0000000080000000,0x0000000084667cf8,0x0000000084680000)
 Metaspace       used 75930K, committed 77504K, reserved 1179648K
  class space    used 8115K, committed 8768K, reserved 1048576K
}
Event: 841.972 GC heap after
{Heap after GC invocations=55 (full 3):
 PSYoungGen      total 14336K, used 1245K [0x00000000d5580000, 0x00000000d6800000, 0x0000000100000000)
  eden space 12800K, 0% used [0x00000000d5580000,0x00000000d5580000,0x00000000d6200000)
  from space 1536K, 81% used [0x00000000d6680000,0x00000000d67b77f0,0x00000000d6800000)
  to   space 2560K, 0% used [0x00000000d6300000,0x00000000d6300000,0x00000000d6580000)
 ParOldGen       total 72704K, used 72580K [0x0000000080000000, 0x0000000084700000, 0x00000000d5580000)
  object space 72704K, 99% used [0x0000000080000000,0x00000000846e1188,0x0000000084700000)
 Metaspace       used 75930K, committed 77504K, reserved 1179648K
  class space    used 8115K, committed 8768K, reserved 1048576K
}
Event: 844.030 GC heap before
{Heap before GC invocations=56 (full 3):
 PSYoungGen      total 14336K, used 14045K [0x00000000d5580000, 0x00000000d6800000, 0x0000000100000000)
  eden space 12800K, 100% used [0x00000000d5580000,0x00000000d6200000,0x00000000d6200000)
  from space 1536K, 81% used [0x00000000d6680000,0x00000000d67b77f0,0x00000000d6800000)
  to   space 2560K, 0% used [0x00000000d6300000,0x00000000d6300000,0x00000000d6580000)
 ParOldGen       total 72704K, used 72580K [0x0000000080000000, 0x0000000084700000, 0x00000000d5580000)
  object space 72704K, 99% used [0x0000000080000000,0x00000000846e1188,0x0000000084700000)
 Metaspace       used 76039K, committed 77632K, reserved 1179648K
  class space    used 8115K, committed 8768K, reserved 1048576K
}
Event: 844.033 GC heap after
{Heap after GC invocations=56 (full 3):
 PSYoungGen      total 14848K, used 1672K [0x00000000d5580000, 0x00000000d6700000, 0x0000000100000000)
  eden space 12800K, 0% used [0x00000000d5580000,0x00000000d5580000,0x00000000d6200000)
  from space 2048K, 81% used [0x00000000d6300000,0x00000000d64a23d0,0x00000000d6500000)
  to   space 2048K, 0% used [0x00000000d6500000,0x00000000d6500000,0x00000000d6700000)
 ParOldGen       total 72704K, used 72676K [0x0000000080000000, 0x0000000084700000, 0x00000000d5580000)
  object space 72704K, 99% used [0x0000000080000000,0x00000000846f9188,0x0000000084700000)
 Metaspace       used 76039K, committed 77632K, reserved 1179648K
  class space    used 8115K, committed 8768K, reserved 1048576K
}
Event: 844.396 GC heap before
{Heap before GC invocations=57 (full 3):
 PSYoungGen      total 14848K, used 14472K [0x00000000d5580000, 0x00000000d6700000, 0x0000000100000000)
  eden space 12800K, 100% used [0x00000000d5580000,0x00000000d6200000,0x00000000d6200000)
  from space 2048K, 81% used [0x00000000d6300000,0x00000000d64a23d0,0x00000000d6500000)
  to   space 2048K, 0% used [0x00000000d6500000,0x00000000d6500000,0x00000000d6700000)
 ParOldGen       total 72704K, used 72676K [0x0000000080000000, 0x0000000084700000, 0x00000000d5580000)
  object space 72704K, 99% used [0x0000000080000000,0x00000000846f9188,0x0000000084700000)
 Metaspace       used 76111K, committed 77632K, reserved 1179648K
  class space    used 8117K, committed 8768K, reserved 1048576K
}
Event: 844.398 GC heap after
{Heap after GC invocations=57 (full 3):
 PSYoungGen      total 13312K, used 160K [0x00000000d5580000, 0x00000000d6580000, 0x0000000100000000)
  eden space 12800K, 0% used [0x00000000d5580000,0x00000000d5580000,0x00000000d6200000)
  from space 512K, 31% used [0x00000000d6500000,0x00000000d6528000,0x00000000d6580000)
  to   space 1024K, 0% used [0x00000000d6380000,0x00000000d6380000,0x00000000d6480000)
 ParOldGen       total 73216K, used 72724K [0x0000000080000000, 0x0000000084780000, 0x00000000d5580000)
  object space 73216K, 99% used [0x0000000080000000,0x0000000084705188,0x0000000084780000)
 Metaspace       used 76111K, committed 77632K, reserved 1179648K
  class space    used 8117K, committed 8768K, reserved 1048576K
}
Event: 853.914 GC heap before
{Heap before GC invocations=58 (full 3):
 PSYoungGen      total 13312K, used 12825K [0x00000000d5580000, 0x00000000d6580000, 0x0000000100000000)
  eden space 12800K, 98% used [0x00000000d5580000,0x00000000d61de6d8,0x00000000d6200000)
  from space 512K, 31% used [0x00000000d6500000,0x00000000d6528000,0x00000000d6580000)
  to   space 1024K, 0% used [0x00000000d6380000,0x00000000d6380000,0x00000000d6480000)
 ParOldGen       total 73216K, used 72724K [0x0000000080000000, 0x0000000084780000, 0x00000000d5580000)
  object space 73216K, 99% used [0x0000000080000000,0x0000000084705188,0x0000000084780000)
 Metaspace       used 76155K, committed 77696K, reserved 1179648K
  class space    used 8119K, committed 8768K, reserved 1048576K
}
Event: 854.144 GC heap after
{Heap after GC invocations=58 (full 3):
 PSYoungGen      total 13824K, used 1016K [0x00000000d5580000, 0x00000000d7100000, 0x0000000100000000)
  eden space 12800K, 0% used [0x00000000d5580000,0x00000000d5580000,0x00000000d6200000)
  from space 1024K, 99% used [0x00000000d6380000,0x00000000d647e3d0,0x00000000d6480000)
  to   space 7680K, 0% used [0x00000000d6980000,0x00000000d6980000,0x00000000d7100000)
 ParOldGen       total 78336K, used 77934K [0x0000000080000000, 0x0000000084c80000, 0x00000000d5580000)
  object space 78336K, 99% used [0x0000000080000000,0x0000000084c1bac8,0x0000000084c80000)
 Metaspace       used 76155K, committed 77696K, reserved 1179648K
  class space    used 8119K, committed 8768K, reserved 1048576K
}
Event: 875.681 GC heap before
{Heap before GC invocations=59 (full 3):
 PSYoungGen      total 13824K, used 13816K [0x00000000d5580000, 0x00000000d7100000, 0x0000000100000000)
  eden space 12800K, 100% used [0x00000000d5580000,0x00000000d6200000,0x00000000d6200000)
  from space 1024K, 99% used [0x00000000d6380000,0x00000000d647e3d0,0x00000000d6480000)
  to   space 7680K, 0% used [0x00000000d6980000,0x00000000d6980000,0x00000000d7100000)
 ParOldGen       total 78336K, used 77934K [0x0000000080000000, 0x0000000084c80000, 0x00000000d5580000)
  object space 78336K, 99% used [0x0000000080000000,0x0000000084c1bac8,0x0000000084c80000)
 Metaspace       used 76259K, committed 77824K, reserved 1179648K
  class space    used 8120K, committed 8768K, reserved 1048576K
}
Event: 875.696 GC heap after
{Heap after GC invocations=59 (full 3):
 PSYoungGen      total 16896K, used 3968K [0x00000000d5580000, 0x00000000d6d80000, 0x0000000100000000)
  eden space 12800K, 0% used [0x00000000d5580000,0x00000000d5580000,0x00000000d6200000)
  from space 4096K, 96% used [0x00000000d6980000,0x00000000d6d60010,0x00000000d6d80000)
  to   space 5120K, 0% used [0x00000000d6380000,0x00000000d6380000,0x00000000d6880000)
 ParOldGen       total 78336K, used 77976K [0x0000000080000000, 0x0000000084c80000, 0x00000000d5580000)
  object space 78336K, 99% used [0x0000000080000000,0x0000000084c263f8,0x0000000084c80000)
 Metaspace       used 76259K, committed 77824K, reserved 1179648K
  class space    used 8120K, committed 8768K, reserved 1048576K
}
Event: 876.755 GC heap before
{Heap before GC invocations=60 (full 3):
 PSYoungGen      total 16896K, used 16768K [0x00000000d5580000, 0x00000000d6d80000, 0x0000000100000000)
  eden space 12800K, 100% used [0x00000000d5580000,0x00000000d6200000,0x00000000d6200000)
  from space 4096K, 96% used [0x00000000d6980000,0x00000000d6d60010,0x00000000d6d80000)
  to   space 5120K, 0% used [0x00000000d6380000,0x00000000d6380000,0x00000000d6880000)
 ParOldGen       total 78336K, used 77976K [0x0000000080000000, 0x0000000084c80000, 0x00000000d5580000)
  object space 78336K, 99% used [0x0000000080000000,0x0000000084c263f8,0x0000000084c80000)
 Metaspace       used 76325K, committed 77888K, reserved 1179648K
  class space    used 8121K, committed 8768K, reserved 1048576K
}
Event: 876.768 GC heap after
{Heap after GC invocations=60 (full 3):
 PSYoungGen      total 17920K, used 5096K [0x00000000d5580000, 0x00000000d7500000, 0x0000000100000000)
  eden space 12800K, 0% used [0x00000000d5580000,0x00000000d5580000,0x00000000d6200000)
  from space 5120K, 99% used [0x00000000d6380000,0x00000000d687a3d0,0x00000000d6880000)
  to   space 9728K, 0% used [0x00000000d6b80000,0x00000000d6b80000,0x00000000d7500000)
 ParOldGen       total 81920K, used 81630K [0x0000000080000000, 0x0000000085000000, 0x00000000d5580000)
  object space 81920K, 99% used [0x0000000080000000,0x0000000084fb78a8,0x0000000085000000)
 Metaspace       used 76325K, committed 77888K, reserved 1179648K
  class space    used 8121K, committed 8768K, reserved 1048576K
}
Event: 878.687 GC heap before
{Heap before GC invocations=61 (full 3):
 PSYoungGen      total 17920K, used 17896K [0x00000000d5580000, 0x00000000d7500000, 0x0000000100000000)
  eden space 12800K, 100% used [0x00000000d5580000,0x00000000d6200000,0x00000000d6200000)
  from space 5120K, 99% used [0x00000000d6380000,0x00000000d687a3d0,0x00000000d6880000)
  to   space 9728K, 0% used [0x00000000d6b80000,0x00000000d6b80000,0x00000000d7500000)
 ParOldGen       total 81920K, used 81630K [0x0000000080000000, 0x0000000085000000, 0x00000000d5580000)
  object space 81920K, 99% used [0x0000000080000000,0x0000000084fb78a8,0x0000000085000000)
 Metaspace       used 76364K, committed 77888K, reserved 1179648K
  class space    used 8123K, committed 8768K, reserved 1048576K
}
Event: 878.690 GC heap after
{Heap after GC invocations=61 (full 3):
 PSYoungGen      total 13312K, used 176K [0x00000000d5580000, 0x00000000d6c00000, 0x0000000100000000)
  eden space 12800K, 0% used [0x00000000d5580000,0x00000000d5580000,0x00000000d6200000)
  from space 512K, 34% used [0x00000000d6b80000,0x00000000d6bac010,0x00000000d6c00000)
  to   space 3584K, 0% used [0x00000000d6500000,0x00000000d6500000,0x00000000d6880000)
 ParOldGen       total 81920K, used 81662K [0x0000000080000000, 0x0000000085000000, 0x00000000d5580000)
  object space 81920K, 99% used [0x0000000080000000,0x0000000084fbf8a8,0x0000000085000000)
 Metaspace       used 76364K, committed 77888K, reserved 1179648K
  class space    used 8123K, committed 8768K, reserved 1048576K
}
Event: 880.340 GC heap before
{Heap before GC invocations=62 (full 3):
 PSYoungGen      total 13312K, used 12976K [0x00000000d5580000, 0x00000000d6c00000, 0x0000000100000000)
  eden space 12800K, 100% used [0x00000000d5580000,0x00000000d6200000,0x00000000d6200000)
  from space 512K, 34% used [0x00000000d6b80000,0x00000000d6bac010,0x00000000d6c00000)
  to   space 3584K, 0% used [0x00000000d6500000,0x00000000d6500000,0x00000000d6880000)
 ParOldGen       total 81920K, used 81662K [0x0000000080000000, 0x0000000085000000, 0x00000000d5580000)
  object space 81920K, 99% used [0x0000000080000000,0x0000000084fbf8a8,0x0000000085000000)
 Metaspace       used 76538K, committed 78080K, reserved 1179648K
  class space    used 8124K, committed 8768K, reserved 1048576K
}
Event: 880.342 GC heap after
{Heap after GC invocations=62 (full 3):
 PSYoungGen      total 16384K, used 2024K [0x00000000d5580000, 0x00000000d6c00000, 0x0000000100000000)
  eden space 12800K, 0% used [0x00000000d5580000,0x00000000d5580000,0x00000000d6200000)
  from space 3584K, 56% used [0x00000000d6500000,0x00000000d66fa3d0,0x00000000d6880000)
  to   space 2560K, 0% used [0x00000000d6980000,0x00000000d6980000,0x00000000d6c00000)
 ParOldGen       total 81920K, used 81710K [0x0000000080000000, 0x0000000085000000, 0x00000000d5580000)
  object space 81920K, 99% used [0x0000000080000000,0x0000000084fcb8a8,0x0000000085000000)
 Metaspace       used 76538K, committed 78080K, reserved 1179648K
  class space    used 8124K, committed 8768K, reserved 1048576K
}
Event: 880.678 GC heap before
{Heap before GC invocations=63 (full 3):
 PSYoungGen      total 16384K, used 14824K [0x00000000d5580000, 0x00000000d6c00000, 0x0000000100000000)
  eden space 12800K, 100% used [0x00000000d5580000,0x00000000d6200000,0x00000000d6200000)
  from space 3584K, 56% used [0x00000000d6500000,0x00000000d66fa3d0,0x00000000d6880000)
  to   space 2560K, 0% used [0x00000000d6980000,0x00000000d6980000,0x00000000d6c00000)
 ParOldGen       total 81920K, used 81710K [0x0000000080000000, 0x0000000085000000, 0x00000000d5580000)
  object space 81920K, 99% used [0x0000000080000000,0x0000000084fcb8a8,0x0000000085000000)
 Metaspace       used 76539K, committed 78080K, reserved 1179648K
  class space    used 8124K, committed 8768K, reserved 1048576K
}
Event: 880.680 GC heap after
{Heap after GC invocations=63 (full 3):
 PSYoungGen      total 13312K, used 160K [0x00000000d5580000, 0x00000000d6a00000, 0x0000000100000000)
  eden space 12800K, 0% used [0x00000000d5580000,0x00000000d5580000,0x00000000d6200000)
  from space 512K, 31% used [0x00000000d6980000,0x00000000d69a8000,0x00000000d6a00000)
  to   space 1024K, 0% used [0x00000000d6800000,0x00000000d6800000,0x00000000d6900000)
 ParOldGen       total 82432K, used 82243K [0x0000000080000000, 0x0000000085080000, 0x00000000d5580000)
  object space 82432K, 99% used [0x0000000080000000,0x0000000085050d58,0x0000000085080000)
 Metaspace       used 76539K, committed 78080K, reserved 1179648K
  class space    used 8124K, committed 8768K, reserved 1048576K
}

Dll operation events (12 events):
Event: 0.020 Loaded shared library c:\Users\rahul\.vscode\extensions\redhat.java-1.53.0-win32-x64\jre\21.0.10-win32-x86_64\bin\java.dll
Event: 1.644 Loaded shared library c:\Users\rahul\.vscode\extensions\redhat.java-1.53.0-win32-x64\jre\21.0.10-win32-x86_64\bin\zip.dll
Event: 2.565 Loaded shared library C:\Users\rahul\.vscode\extensions\redhat.java-1.53.0-win32-x64\jre\21.0.10-win32-x86_64\bin\instrument.dll
Event: 2.606 Loaded shared library C:\Users\rahul\.vscode\extensions\redhat.java-1.53.0-win32-x64\jre\21.0.10-win32-x86_64\bin\net.dll
Event: 2.609 Loaded shared library C:\Users\rahul\.vscode\extensions\redhat.java-1.53.0-win32-x64\jre\21.0.10-win32-x86_64\bin\nio.dll
Event: 2.633 Loaded shared library C:\Users\rahul\.vscode\extensions\redhat.java-1.53.0-win32-x64\jre\21.0.10-win32-x86_64\bin\zip.dll
Event: 2.699 Loaded shared library C:\Users\rahul\.vscode\extensions\redhat.java-1.53.0-win32-x64\jre\21.0.10-win32-x86_64\bin\jimage.dll
Event: 3.028 Loaded shared library c:\Users\rahul\.vscode\extensions\redhat.java-1.53.0-win32-x64\jre\21.0.10-win32-x86_64\bin\verify.dll
Event: 31.501 Loaded shared library C:\Users\rahul\AppData\Roaming\Code\User\globalStorage\redhat.java\1.53.0\config_win\org.eclipse.equinox.launcher\org.eclipse.equinox.launcher.win32.win32.x86_64_1.3.0.v20260203-2149\eclipse_11919.dll
Event: 58.860 Loaded shared library C:\Users\rahul\AppData\Local\Temp\jna-108274800\jna7425630091715641425.dll
Event: 67.680 Loaded shared library C:\Users\rahul\.vscode\extensions\redhat.java-1.53.0-win32-x64\jre\21.0.10-win32-x86_64\bin\sunmscapi.dll
Event: 68.212 Loaded shared library C:\Users\rahul\.vscode\extensions\redhat.java-1.53.0-win32-x64\jre\21.0.10-win32-x86_64\bin\extnet.dll

Deoptimization events (20 events):
Event: 879.065 Thread 0x000001357495eaf0 Uncommon trap: trap_request=0xffffffbe fr.pc=0x00000135607650b4 relative=0x0000000000000194
Event: 879.065 Thread 0x000001357495eaf0 Uncommon trap: reason=profile_predicate action=maybe_recompile pc=0x00000135607650b4 method=java.util.HashMap.keysToArray([Ljava/lang/Object;)[Ljava/lang/Object; @ 36 c2
Event: 879.065 Thread 0x000001357495eaf0 DEOPT PACKING pc=0x00000135607650b4 sp=0x0000002dba0fe3a0
Event: 879.065 Thread 0x000001357495eaf0 DEOPT UNPACKING pc=0x000001355f9d3aa2 sp=0x0000002dba0fe320 mode 2
Event: 879.065 Thread 0x000001357495eaf0 Uncommon trap: trap_request=0xffffffbe fr.pc=0x00000135607650b4 relative=0x0000000000000194
Event: 879.065 Thread 0x000001357495eaf0 Uncommon trap: reason=profile_predicate action=maybe_recompile pc=0x00000135607650b4 method=java.util.HashMap.keysToArray([Ljava/lang/Object;)[Ljava/lang/Object; @ 36 c2
Event: 879.065 Thread 0x000001357495eaf0 DEOPT PACKING pc=0x00000135607650b4 sp=0x0000002dba0fe3a0
Event: 879.067 Thread 0x000001357495eaf0 DEOPT UNPACKING pc=0x000001355f9d3aa2 sp=0x0000002dba0fe320 mode 2
Event: 879.067 Thread 0x000001357495eaf0 Uncommon trap: trap_request=0xffffffbe fr.pc=0x00000135607650b4 relative=0x0000000000000194
Event: 879.067 Thread 0x000001357495eaf0 Uncommon trap: reason=profile_predicate action=maybe_recompile pc=0x00000135607650b4 method=java.util.HashMap.keysToArray([Ljava/lang/Object;)[Ljava/lang/Object; @ 36 c2
Event: 879.067 Thread 0x000001357495eaf0 DEOPT PACKING pc=0x00000135607650b4 sp=0x0000002dba0fe3a0
Event: 879.067 Thread 0x000001357495eaf0 DEOPT UNPACKING pc=0x000001355f9d3aa2 sp=0x0000002dba0fe320 mode 2
Event: 879.067 Thread 0x000001357495eaf0 Uncommon trap: trap_request=0xffffffbe fr.pc=0x00000135607650b4 relative=0x0000000000000194
Event: 879.067 Thread 0x000001357495eaf0 Uncommon trap: reason=profile_predicate action=maybe_recompile pc=0x00000135607650b4 method=java.util.HashMap.keysToArray([Ljava/lang/Object;)[Ljava/lang/Object; @ 36 c2
Event: 879.067 Thread 0x000001357495eaf0 DEOPT PACKING pc=0x00000135607650b4 sp=0x0000002dba0fe3a0
Event: 879.067 Thread 0x000001357495eaf0 DEOPT UNPACKING pc=0x000001355f9d3aa2 sp=0x0000002dba0fe320 mode 2
Event: 880.360 Thread 0x0000013571d7b530 DEOPT PACKING pc=0x0000013559ee6300 sp=0x0000002dba1fec90
Event: 880.360 Thread 0x0000013571d7b530 DEOPT UNPACKING pc=0x000001355f9d4242 sp=0x0000002dba1fe168 mode 0
Event: 880.605 Thread 0x0000013571d7b530 DEOPT PACKING pc=0x0000013559ee6300 sp=0x0000002dba1fec90
Event: 880.605 Thread 0x0000013571d7b530 DEOPT UNPACKING pc=0x000001355f9d4242 sp=0x0000002dba1fe168 mode 0

Classes loaded (20 events):
Event: 361.119 Loading class java/io/ObjectOutputStream$ReplaceTable
Event: 361.119 Loading class java/io/ObjectOutputStream$ReplaceTable done
Event: 809.509 Loading class java/util/function/IntPredicate
Event: 809.510 Loading class java/util/function/IntPredicate done
Event: 809.600 Loading class java/util/regex/Pattern$Bound
Event: 809.600 Loading class java/util/regex/Pattern$Bound done
Event: 820.333 Loading class sun/nio/fs/WindowsFileCopy
Event: 820.334 Loading class sun/nio/fs/WindowsFileCopy done
Event: 820.475 Loading class java/util/stream/ReduceOps$5
Event: 820.478 Loading class java/util/stream/ReduceOps$5 done
Event: 820.478 Loading class java/util/stream/ReduceOps$CountingSink$OfRef
Event: 820.478 Loading class java/util/stream/ReduceOps$CountingSink
Event: 820.479 Loading class java/util/stream/ReduceOps$CountingSink done
Event: 820.479 Loading class java/util/stream/ReduceOps$CountingSink$OfRef done
Event: 820.611 Loading class java/util/stream/DistinctOps
Event: 820.614 Loading class java/util/stream/DistinctOps done
Event: 820.614 Loading class java/util/stream/DistinctOps$1
Event: 820.616 Loading class java/util/stream/DistinctOps$1 done
Event: 820.633 Loading class java/util/stream/DistinctOps$1$2
Event: 820.636 Loading class java/util/stream/DistinctOps$1$2 done

Classes unloaded (11 events):
Event: 60.546 Thread 0x000001355530d470 Unloading class 0x00000135011a8c00 'java/lang/invoke/LambdaForm$MH+0x00000135011a8c00'
Event: 60.547 Thread 0x000001355530d470 Unloading class 0x00000135011a8800 'java/lang/invoke/LambdaForm$MH+0x00000135011a8800'
Event: 60.547 Thread 0x000001355530d470 Unloading class 0x00000135011a8400 'java/lang/invoke/LambdaForm$MH+0x00000135011a8400'
Event: 60.547 Thread 0x000001355530d470 Unloading class 0x00000135011a8000 'java/lang/invoke/LambdaForm$MH+0x00000135011a8000'
Event: 60.547 Thread 0x000001355530d470 Unloading class 0x00000135011a7c00 'java/lang/invoke/LambdaForm$BMH+0x00000135011a7c00'
Event: 60.547 Thread 0x000001355530d470 Unloading class 0x00000135011a7800 'java/lang/invoke/LambdaForm$DMH+0x00000135011a7800'
Event: 60.547 Thread 0x000001355530d470 Unloading class 0x00000135011a6400 'java/lang/invoke/LambdaForm$DMH+0x00000135011a6400'
Event: 65.255 Thread 0x000001355530d470 Unloading class 0x000001350130bc00 'java/lang/invoke/LambdaForm$MH+0x000001350130bc00'
Event: 65.255 Thread 0x000001355530d470 Unloading class 0x000001350130a800 'java/lang/invoke/LambdaForm$MH+0x000001350130a800'
Event: 65.255 Thread 0x000001355530d470 Unloading class 0x000001350130a400 'java/lang/invoke/LambdaForm$DMH+0x000001350130a400'
Event: 74.425 Thread 0x000001355530d470 Unloading class 0x00000135016c0000 'java/lang/invoke/LambdaForm$MH+0x00000135016c0000'

Classes redefined (0 events):
No events

Internal exceptions (20 events):
Event: 810.080 Thread 0x000001357495ca20 Exception <a 'sun/nio/fs/WindowsException'{0x00000000d611a228}> (0x00000000d611a228) 
thrown [s\src\hotspot\share\prims\jni.cpp, line 520]
Event: 819.175 Thread 0x000001356c85c530 Exception <a 'java/lang/IncompatibleClassChangeError'{0x00000000d5a7e028}: Found class java.lang.Object, but interface was expected> (0x00000000d5a7e028) 
thrown [s\src\hotspot\share\interpreter\linkResolver.cpp, line 840]
Event: 819.176 Thread 0x000001356c85c530 Exception <a 'java/lang/IncompatibleClassChangeError'{0x00000000d5a81e80}: Found class java.lang.Object, but interface was expected> (0x00000000d5a81e80) 
thrown [s\src\hotspot\share\interpreter\linkResolver.cpp, line 840]
Event: 820.337 Thread 0x0000013571d7b530 Exception <a 'sun/nio/fs/WindowsException'{0x00000000d623a0b0}> (0x00000000d623a0b0) 
thrown [s\src\hotspot\share\prims\jni.cpp, line 520]
Event: 820.984 Thread 0x0000013571d7b530 Exception <a 'sun/nio/fs/WindowsException'{0x00000000d5af5660}> (0x00000000d5af5660) 
thrown [s\src\hotspot\share\prims\jni.cpp, line 520]
Event: 821.004 Thread 0x0000013571d7b530 Implicit null exception at 0x00000135604d4062 to 0x00000135604d4498
Event: 826.563 Thread 0x0000013571d7b530 Exception <a 'sun/nio/fs/WindowsException'{0x00000000d5fb8b18}> (0x00000000d5fb8b18) 
thrown [s\src\hotspot\share\prims\jni.cpp, line 520]
Event: 826.996 Thread 0x0000013571d7b530 Exception <a 'sun/nio/fs/WindowsException'{0x00000000d6165650}> (0x00000000d6165650) 
thrown [s\src\hotspot\share\prims\jni.cpp, line 520]
Event: 833.168 Thread 0x0000013571d7b530 Exception <a 'sun/nio/fs/WindowsException'{0x00000000d594e490}> (0x00000000d594e490) 
thrown [s\src\hotspot\share\prims\jni.cpp, line 520]
Event: 833.585 Thread 0x0000013571d7b530 Exception <a 'sun/nio/fs/WindowsException'{0x00000000d597a820}> (0x00000000d597a820) 
thrown [s\src\hotspot\share\prims\jni.cpp, line 520]
Event: 844.017 Thread 0x0000013571d7b530 Exception <a 'sun/nio/fs/WindowsException'{0x00000000d606d9d8}> (0x00000000d606d9d8) 
thrown [s\src\hotspot\share\prims\jni.cpp, line 520]
Event: 844.373 Thread 0x0000013571d7b530 Exception <a 'sun/nio/fs/WindowsException'{0x00000000d6152a68}> (0x00000000d6152a68) 
thrown [s\src\hotspot\share\prims\jni.cpp, line 520]
Event: 844.380 Thread 0x0000013571d7b530 Implicit null exception at 0x000001356066fe1d to 0x00000135606702c8
Event: 853.642 Thread 0x0000013571d7b530 Exception <a 'sun/nio/fs/WindowsException'{0x00000000d5b0d520}> (0x00000000d5b0d520) 
thrown [s\src\hotspot\share\prims\jni.cpp, line 520]
Event: 854.336 Thread 0x0000013571d7b530 Exception <a 'sun/nio/fs/WindowsException'{0x00000000d5a8a250}> (0x00000000d5a8a250) 
thrown [s\src\hotspot\share\prims\jni.cpp, line 520]
Event: 857.555 Thread 0x000001357495ca20 Exception <a 'java/lang/ArrayIndexOutOfBoundsException'{0x00000000d5ade330}: Index 1429 out of bounds for length 1428> (0x00000000d5ade330) 
thrown [s\src\hotspot\share\interpreter\interpreterRuntime.cpp, line 439]
Event: 876.712 Thread 0x0000013571d7b530 Exception <a 'sun/nio/fs/WindowsException'{0x00000000d5bd19b8}> (0x00000000d5bd19b8) 
thrown [s\src\hotspot\share\prims\jni.cpp, line 520]
Event: 877.019 Thread 0x0000013571d7b530 Exception <a 'sun/nio/fs/WindowsException'{0x00000000d5c8c670}> (0x00000000d5c8c670) 
thrown [s\src\hotspot\share\prims\jni.cpp, line 520]
Event: 880.241 Thread 0x0000013571d7b530 Exception <a 'sun/nio/fs/WindowsException'{0x00000000d5e2edd8}> (0x00000000d5e2edd8) 
thrown [s\src\hotspot\share\prims\jni.cpp, line 520]
Event: 880.648 Thread 0x0000013571d7b530 Exception <a 'sun/nio/fs/WindowsException'{0x00000000d5ffaff8}> (0x00000000d5ffaff8) 
thrown [s\src\hotspot\share\prims\jni.cpp, line 520]

ZGC Phase Switch (0 events):
No events

VM Operations (20 events):
Event: 2465.689 Executing non-safepoint VM operation: HandshakeAllThreads (HandshakeForDeflation)
Event: 2465.689 Executing non-safepoint VM operation: HandshakeAllThreads (HandshakeForDeflation) done
Event: 2465.689 Executing non-safepoint VM operation: RendezvousGCThreads
Event: 2465.689 Executing non-safepoint VM operation: RendezvousGCThreads done
Event: 2525.831 Executing non-safepoint VM operation: HandshakeAllThreads (HandshakeForDeflation)
Event: 2525.838 Executing non-safepoint VM operation: HandshakeAllThreads (HandshakeForDeflation) done
Event: 2525.838 Executing non-safepoint VM operation: RendezvousGCThreads
Event: 2525.839 Executing non-safepoint VM operation: RendezvousGCThreads done
Event: 2585.875 Executing non-safepoint VM operation: HandshakeAllThreads (HandshakeForDeflation)
Event: 2585.876 Executing non-safepoint VM operation: HandshakeAllThreads (HandshakeForDeflation) done
Event: 2585.878 Executing non-safepoint VM operation: RendezvousGCThreads
Event: 2585.878 Executing non-safepoint VM operation: RendezvousGCThreads done
Event: 2646.086 Executing non-safepoint VM operation: HandshakeAllThreads (HandshakeForDeflation)
Event: 2646.086 Executing non-safepoint VM operation: HandshakeAllThreads (HandshakeForDeflation) done
Event: 2646.086 Executing non-safepoint VM operation: RendezvousGCThreads
Event: 2646.086 Executing non-safepoint VM operation: RendezvousGCThreads done
Event: 2706.311 Executing non-safepoint VM operation: HandshakeAllThreads (HandshakeForDeflation)
Event: 2706.313 Executing non-safepoint VM operation: HandshakeAllThreads (HandshakeForDeflation) done
Event: 2706.313 Executing non-safepoint VM operation: RendezvousGCThreads
Event: 2706.313 Executing non-safepoint VM operation: RendezvousGCThreads done

Memory protections (0 events):
No events

Nmethod flushes (20 events):
Event: 74.453 Thread 0x000001355530d470 flushing  nmethod 0x0000013558da5d10
Event: 74.453 Thread 0x000001355530d470 flushing  nmethod 0x0000013558da8f90
Event: 74.453 Thread 0x000001355530d470 flushing  nmethod 0x0000013558da9590
Event: 74.453 Thread 0x000001355530d470 flushing  nmethod 0x0000013558da9990
Event: 74.453 Thread 0x000001355530d470 flushing  nmethod 0x0000013558daac90
Event: 74.453 Thread 0x000001355530d470 flushing  nmethod 0x0000013558dabb10
Event: 74.453 Thread 0x000001355530d470 flushing  nmethod 0x0000013558ddcf90
Event: 74.453 Thread 0x000001355530d470 flushing  nmethod 0x0000013558dec610
Event: 74.453 Thread 0x000001355530d470 flushing  nmethod 0x0000013558df9d90
Event: 74.453 Thread 0x000001355530d470 flushing  nmethod 0x0000013558e02410
Event: 74.453 Thread 0x000001355530d470 flushing  nmethod 0x0000013558e03410
Event: 74.453 Thread 0x000001355530d470 flushing  nmethod 0x0000013558e0b390
Event: 74.453 Thread 0x000001355530d470 flushing  nmethod 0x0000013558e0c310
Event: 74.453 Thread 0x000001355530d470 flushing  nmethod 0x0000013558e0ca10
Event: 74.453 Thread 0x000001355530d470 flushing  nmethod 0x0000013558e0d010
Event: 74.453 Thread 0x000001355530d470 flushing  nmethod 0x0000013558e10690
Event: 74.453 Thread 0x000001355530d470 flushing  nmethod 0x0000013558e44b10
Event: 74.453 Thread 0x000001355530d470 flushing  nmethod 0x0000013558e47990
Event: 74.453 Thread 0x000001355530d470 flushing  nmethod 0x0000013558e4b690
Event: 74.453 Thread 0x000001355530d470 flushing osr nmethod 0x0000013558e58a10

Events (20 events):
Event: 881.193 Thread 0x0000013573f62290 Thread exited: 0x0000013573f62290
Event: 940.343 Thread 0x000001357495c390 Thread exited: 0x000001357495c390
Event: 940.345 Thread 0x0000013571d7c250 Thread exited: 0x0000013571d7c250
Event: 946.567 Thread 0x000001357495e460 Thread exited: 0x000001357495e460
Event: 1006.577 Thread 0x000001357495d0b0 Thread exited: 0x000001357495d0b0
Event: 1115.748 Thread 0x000001357495ca20 Thread exited: 0x000001357495ca20
Event: 1120.405 Thread 0x000001357495eaf0 Thread added: 0x000001356c85b810
Event: 1120.414 Thread 0x000001356c85b810 Thread exited: 0x000001356c85b810
Event: 1120.422 Thread 0x000001357495eaf0 Thread added: 0x000001356c85b810
Event: 1120.424 Thread 0x000001356c85b810 Thread added: 0x0000013571d7a180
Event: 1120.425 Thread 0x000001356c85b810 Thread exited: 0x000001356c85b810
Event: 1120.425 Thread 0x0000013571d7a180 Thread exited: 0x0000013571d7a180
Event: 1176.622 Thread 0x000001357495bd00 Thread exited: 0x000001357495bd00
Event: 1180.309 Thread 0x000001356c856950 Thread exited: 0x000001356c856950
Event: 1367.351 Thread 0x000001356c85c530 Thread added: 0x0000013571d7a180
Event: 1369.706 Thread 0x0000013571d7a180 Thread added: 0x0000013571d7a810
Event: 1431.040 Thread 0x0000013571d7a180 Thread exited: 0x0000013571d7a180
Event: 1491.048 Thread 0x0000013571d7a810 Thread exited: 0x0000013571d7a810
Event: 1527.883 Thread 0x000001356c85c530 Thread added: 0x0000013571d7aea0
Event: 1640.714 Thread 0x0000013571d7aea0 Thread exited: 0x0000013571d7aea0


Dynamic libraries:
0x00007ff74a960000 - 0x00007ff74a96e000 	c:\Users\rahul\.vscode\extensions\redhat.java-1.53.0-win32-x64\jre\21.0.10-win32-x86_64\bin\java.exe
0x00007ffabbc60000 - 0x00007ffabbec7000 	C:\WINDOWS\SYSTEM32\ntdll.dll
0x00007ffabaa50000 - 0x00007ffabab19000 	C:\WINDOWS\System32\KERNEL32.DLL
0x00007ffab8b60000 - 0x00007ffab8f51000 	C:\WINDOWS\System32\KERNELBASE.dll
0x00007ffab98b0000 - 0x00007ffab99fb000 	C:\WINDOWS\System32\ucrtbase.dll
0x00007ffa76ab0000 - 0x00007ffa76ac8000 	c:\Users\rahul\.vscode\extensions\redhat.java-1.53.0-win32-x64\jre\21.0.10-win32-x86_64\bin\jli.dll
0x00007ffabaf90000 - 0x00007ffabb155000 	C:\WINDOWS\System32\USER32.dll
0x00007ffab8f60000 - 0x00007ffab8f87000 	C:\WINDOWS\System32\win32u.dll
0x00007ffabaf60000 - 0x00007ffabaf8b000 	C:\WINDOWS\System32\GDI32.dll
0x00007ffab85f0000 - 0x00007ffab871b000 	C:\WINDOWS\System32\gdi32full.dll
0x00007ffab8540000 - 0x00007ffab85e3000 	C:\WINDOWS\System32\msvcp_win.dll
0x00007ff9ea970000 - 0x00007ff9ea98e000 	c:\Users\rahul\.vscode\extensions\redhat.java-1.53.0-win32-x64\jre\21.0.10-win32-x86_64\bin\VCRUNTIME140.dll
0x00007ffaa7af0000 - 0x00007ffaa7d83000 	C:\WINDOWS\WinSxS\amd64_microsoft.windows.common-controls_6595b64144ccf1df_6.0.26100.8037_none_3e092faae333b53b\COMCTL32.dll
0x00007ffabb590000 - 0x00007ffabb639000 	C:\WINDOWS\System32\msvcrt.dll
0x00007ffaba890000 - 0x00007ffaba8c1000 	C:\WINDOWS\System32\IMM32.DLL
0x00007ffa8dd70000 - 0x00007ffa8dd7c000 	c:\Users\rahul\.vscode\extensions\redhat.java-1.53.0-win32-x64\jre\21.0.10-win32-x86_64\bin\vcruntime140_1.dll
0x00007ff9ddf20000 - 0x00007ff9ddfad000 	c:\Users\rahul\.vscode\extensions\redhat.java-1.53.0-win32-x64\jre\21.0.10-win32-x86_64\bin\msvcp140.dll
0x00007ff9dd170000 - 0x00007ff9ddf11000 	c:\Users\rahul\.vscode\extensions\redhat.java-1.53.0-win32-x64\jre\21.0.10-win32-x86_64\bin\server\jvm.dll
0x00007ffabbb10000 - 0x00007ffabbbcb000 	C:\WINDOWS\System32\ADVAPI32.dll
0x00007ffabaeb0000 - 0x00007ffabaf57000 	C:\WINDOWS\System32\sechost.dll
0x00007ffabb460000 - 0x00007ffabb578000 	C:\WINDOWS\System32\RPCRT4.dll
0x00007ffaba9d0000 - 0x00007ffabaa44000 	C:\WINDOWS\System32\WS2_32.dll
0x00007ffab83a0000 - 0x00007ffab83fe000 	C:\WINDOWS\SYSTEM32\POWRPROF.dll
0x00007ffab10d0000 - 0x00007ffab1105000 	C:\WINDOWS\SYSTEM32\WINMM.dll
0x00007ffab2160000 - 0x00007ffab216b000 	C:\WINDOWS\SYSTEM32\VERSION.dll
0x00007ffab8380000 - 0x00007ffab8394000 	C:\WINDOWS\SYSTEM32\UMPDC.dll
0x00007ffab72d0000 - 0x00007ffab72eb000 	C:\WINDOWS\SYSTEM32\kernel.appcore.dll
0x00007ffa7d580000 - 0x00007ffa7d58a000 	c:\Users\rahul\.vscode\extensions\redhat.java-1.53.0-win32-x64\jre\21.0.10-win32-x86_64\bin\jimage.dll
0x00007ffaad280000 - 0x00007ffaad4c2000 	C:\WINDOWS\SYSTEM32\DBGHELP.DLL
0x00007ffabab20000 - 0x00007ffabaea2000 	C:\WINDOWS\System32\combase.dll
0x00007ffaba7b0000 - 0x00007ffaba887000 	C:\WINDOWS\System32\OLEAUT32.dll
0x00007ffaa3290000 - 0x00007ffaa32cb000 	C:\WINDOWS\SYSTEM32\dbgcore.DLL
0x00007ffab8f90000 - 0x00007ffab9035000 	C:\WINDOWS\System32\bcryptPrimitives.dll
0x00007ffa7d490000 - 0x00007ffa7d49f000 	c:\Users\rahul\.vscode\extensions\redhat.java-1.53.0-win32-x64\jre\21.0.10-win32-x86_64\bin\instrument.dll
0x00007ff9ea950000 - 0x00007ff9ea970000 	c:\Users\rahul\.vscode\extensions\redhat.java-1.53.0-win32-x64\jre\21.0.10-win32-x86_64\bin\java.dll
0x00007ffab9b30000 - 0x00007ffaba28f000 	C:\WINDOWS\System32\SHELL32.dll
0x00007ffab8720000 - 0x00007ffab888a000 	C:\WINDOWS\System32\wintypes.dll
0x00007ffab9040000 - 0x00007ffab98a4000 	C:\WINDOWS\System32\windows.storage.dll
0x00007ffabb360000 - 0x00007ffabb457000 	C:\WINDOWS\System32\SHCORE.dll
0x00007ffaba740000 - 0x00007ffaba7a7000 	C:\WINDOWS\System32\shlwapi.dll
0x00007ffab8460000 - 0x00007ffab8489000 	C:\WINDOWS\SYSTEM32\profapi.dll
0x00007ff9ea930000 - 0x00007ff9ea948000 	c:\Users\rahul\.vscode\extensions\redhat.java-1.53.0-win32-x64\jre\21.0.10-win32-x86_64\bin\zip.dll
0x00007ffa7d430000 - 0x00007ffa7d440000 	C:\Users\rahul\.vscode\extensions\redhat.java-1.53.0-win32-x64\jre\21.0.10-win32-x86_64\bin\net.dll
0x00007ffaaef10000 - 0x00007ffaaf037000 	C:\WINDOWS\SYSTEM32\WINHTTP.dll
0x00007ffab7840000 - 0x00007ffab78ab000 	C:\WINDOWS\system32\mswsock.dll
0x00007ff9dcf10000 - 0x00007ff9dcf26000 	C:\Users\rahul\.vscode\extensions\redhat.java-1.53.0-win32-x64\jre\21.0.10-win32-x86_64\bin\nio.dll
0x00007ffa7d2b0000 - 0x00007ffa7d2c0000 	c:\Users\rahul\.vscode\extensions\redhat.java-1.53.0-win32-x64\jre\21.0.10-win32-x86_64\bin\verify.dll
0x00007ffa4f710000 - 0x00007ffa4f755000 	C:\Users\rahul\AppData\Roaming\Code\User\globalStorage\redhat.java\1.53.0\config_win\org.eclipse.equinox.launcher\org.eclipse.equinox.launcher.win32.win32.x86_64_1.3.0.v20260203-2149\eclipse_11919.dll
0x00007ffabb970000 - 0x00007ffabbb05000 	C:\WINDOWS\System32\ole32.dll
0x00007ffab7b20000 - 0x00007ffab7b3b000 	C:\WINDOWS\SYSTEM32\CRYPTSP.dll
0x00007ffab7230000 - 0x00007ffab7269000 	C:\WINDOWS\system32\rsaenh.dll
0x00007ffab78f0000 - 0x00007ffab7922000 	C:\WINDOWS\SYSTEM32\USERENV.dll
0x00007ffab8430000 - 0x00007ffab845a000 	C:\WINDOWS\SYSTEM32\bcrypt.dll
0x00007ffab7b40000 - 0x00007ffab7b4c000 	C:\WINDOWS\SYSTEM32\CRYPTBASE.dll
0x00007ffab6ce0000 - 0x00007ffab6d13000 	C:\WINDOWS\SYSTEM32\IPHLPAPI.DLL
0x00007ffaba2a0000 - 0x00007ffaba2aa000 	C:\WINDOWS\System32\NSI.dll
0x00007ffa4f5e0000 - 0x00007ffa4f629000 	C:\Users\rahul\AppData\Local\Temp\jna-108274800\jna7425630091715641425.dll
0x00007ffabb580000 - 0x00007ffabb588000 	C:\WINDOWS\System32\PSAPI.DLL
0x00007ffaaee30000 - 0x00007ffaaee4d000 	C:\WINDOWS\SYSTEM32\dhcpcsvc6.DLL
0x00007ffaaed10000 - 0x00007ffaaed33000 	C:\WINDOWS\SYSTEM32\dhcpcsvc.DLL
0x00007ffa97c60000 - 0x00007ffa97c6e000 	C:\Users\rahul\.vscode\extensions\redhat.java-1.53.0-win32-x64\jre\21.0.10-win32-x86_64\bin\sunmscapi.dll
0x00007ffab8890000 - 0x00007ffab8a07000 	C:\WINDOWS\System32\CRYPT32.dll
0x00007ffab7d40000 - 0x00007ffab7d70000 	C:\WINDOWS\SYSTEM32\ncrypt.dll
0x00007ffab7cf0000 - 0x00007ffab7d2f000 	C:\WINDOWS\SYSTEM32\NTASN1.dll
0x00007ffab6dd0000 - 0x00007ffab6efa000 	C:\WINDOWS\SYSTEM32\DNSAPI.dll
0x00007ffaa9520000 - 0x00007ffaa952b000 	C:\Windows\System32\rasadhlp.dll
0x00007ffaacd70000 - 0x00007ffaacdf6000 	C:\WINDOWS\System32\fwpuclnt.dll
0x00007ffa97c50000 - 0x00007ffa97c59000 	C:\Users\rahul\.vscode\extensions\redhat.java-1.53.0-win32-x64\jre\21.0.10-win32-x86_64\bin\extnet.dll

JVMTI agents:
c:\Users\rahul\.vscode\extensions\redhat.java-1.53.0-win32-x64\lombok\lombok-1.18.39-4050.jar path:c:\Users\rahul\.vscode\extensions\redhat.java-1.53.0-win32-x64\jre\21.0.10-win32-x86_64\bin\instrument.dll, loaded, initialized, instrumentlib options:none

dbghelp: loaded successfully - version: 4.0.5 - missing functions: none
symbol engine: initialized successfully - sym options: 0x614 - pdb path: .;c:\Users\rahul\.vscode\extensions\redhat.java-1.53.0-win32-x64\jre\21.0.10-win32-x86_64\bin;C:\WINDOWS\SYSTEM32;C:\WINDOWS\WinSxS\amd64_microsoft.windows.common-controls_6595b64144ccf1df_6.0.26100.8037_none_3e092faae333b53b;c:\Users\rahul\.vscode\extensions\redhat.java-1.53.0-win32-x64\jre\21.0.10-win32-x86_64\bin\server;C:\Users\rahul\AppData\Roaming\Code\User\globalStorage\redhat.java\1.53.0\config_win\org.eclipse.equinox.launcher\org.eclipse.equinox.launcher.win32.win32.x86_64_1.3.0.v20260203-2149;C:\Users\rahul\AppData\Local\Temp\jna-108274800

VM Arguments:
jvm_args: --add-modules=ALL-SYSTEM --add-opens=java.base/java.util=ALL-UNNAMED --add-opens=java.base/java.lang=ALL-UNNAMED --add-opens=java.base/sun.nio.fs=ALL-UNNAMED -Declipse.application=org.eclipse.jdt.ls.core.id1 -Dosgi.bundles.defaultStartLevel=4 -Declipse.product=org.eclipse.jdt.ls.core.product -Djava.import.generatesMetadataFilesAtProjectRoot=false -DDetectVMInstallationsJob.disabled=true -Dfile.encoding=utf8 -XX:+UseParallelGC -XX:GCTimeRatio=4 -XX:AdaptiveSizePolicyWeight=90 -Dsun.zip.disableMemoryMapping=true -Xmx2G -Xms100m -Xlog:disable -javaagent:c:\Users\rahul\.vscode\extensions\redhat.java-1.53.0-win32-x64\lombok\lombok-1.18.39-4050.jar -XX:+HeapDumpOnOutOfMemoryError -XX:HeapDumpPath=c:\Users\rahul\AppData\Roaming\Code\User\workspaceStorage\a6ae2ffe8394f0ba21be2d84e92d98ce\redhat.java -Daether.dependencyCollector.impl=bf 
java_command: c:\Users\rahul\.vscode\extensions\redhat.java-1.53.0-win32-x64\server\plugins\org.eclipse.equinox.launcher_1.7.100.v20251111-0406.jar -configuration c:\Users\rahul\AppData\Roaming\Code\User\globalStorage\redhat.java\1.53.0\config_win -data c:\Users\rahul\AppData\Roaming\Code\User\workspaceStorage\a6ae2ffe8394f0ba21be2d84e92d98ce\redhat.java\jdt_ws --pipe=\\.\pipe\lsp-bb52fa1958632a3ca2f3384a79f2a823-sock
java_class_path (initial): c:\Users\rahul\.vscode\extensions\redhat.java-1.53.0-win32-x64\server\plugins\org.eclipse.equinox.launcher_1.7.100.v20251111-0406.jar
Launcher Type: SUN_STANDARD

[Global flags]
    uintx AdaptiveSizePolicyWeight                 = 90                                        {product} {command line}
     intx CICompilerCount                          = 3                                         {product} {ergonomic}
    uintx GCTimeRatio                              = 4                                         {product} {command line}
     bool HeapDumpOnOutOfMemoryError               = true                                   {manageable} {command line}
    ccstr HeapDumpPath                             = c:\Users\rahul\AppData\Roaming\Code\User\workspaceStorage\a6ae2ffe8394f0ba21be2d84e92d98ce\redhat.java         {manageable} {command line}
   size_t InitialHeapSize                          = 104857600                                 {product} {command line}
   size_t MaxHeapSize                              = 2147483648                                {product} {command line}
   size_t MaxNewSize                               = 715653120                                 {product} {ergonomic}
   size_t MinHeapDeltaBytes                        = 524288                                    {product} {ergonomic}
   size_t MinHeapSize                              = 104857600                                 {product} {command line}
   size_t NewSize                                  = 34603008                                  {product} {ergonomic}
    uintx NonNMethodCodeHeapSize                   = 5832780                                {pd product} {ergonomic}
    uintx NonProfiledCodeHeapSize                  = 122912730                              {pd product} {ergonomic}
   size_t OldSize                                  = 70254592                                  {product} {ergonomic}
    uintx ProfiledCodeHeapSize                     = 122912730                              {pd product} {ergonomic}
    uintx ReservedCodeCacheSize                    = 251658240                              {pd product} {ergonomic}
     bool SegmentedCodeCache                       = true                                      {product} {ergonomic}
   size_t SoftMaxHeapSize                          = 2147483648                             {manageable} {ergonomic}
     bool UseCompressedOops                        = true                           {product lp64_product} {ergonomic}
     bool UseLargePagesIndividualAllocation        = false                                  {pd product} {ergonomic}
     bool UseParallelGC                            = true                                      {product} {command line}

Logging:
Log output configuration:
 #0: stdout all=off uptime,level,tags foldmultilines=false
 #1: stderr all=off uptime,level,tags foldmultilines=false

Release file:
JAVA_VERSION="21.0.10" 
MODULES="java.base java.compiler java.datatransfer java.xml java.prefs java.desktop java.instrument java.logging java.management java.security.sasl java.naming java.rmi java.management.rmi java.net.http java.scripting java.security.jgss java.transaction.xa java.sql java.sql.rowset java.xml.crypto java.se java.smartcardio jdk.accessibility jdk.internal.jvmstat jdk.attach jdk.charsets jdk.internal.opt jdk.zipfs jdk.compiler jdk.crypto.ec jdk.crypto.cryptoki jdk.crypto.mscapi jdk.dynalink jdk.internal.ed jdk.editpad jdk.hotspot.agent jdk.httpserver jdk.internal.le jdk.internal.vm.ci jdk.internal.vm.compiler jdk.internal.vm.compiler.management jdk.jartool jdk.javadoc jdk.jcmd jdk.management jdk.management.agent jdk.jconsole jdk.jdeps jdk.jdwp.agent jdk.jdi jdk.jfr jdk.jshell jdk.jsobject jdk.jstatd jdk.localedata jdk.management.jfr jdk.naming.dns jdk.naming.rmi jdk.net jdk.nio.mapmode jdk.random jdk.sctp jdk.security.auth jdk.security.jgss jdk.unsupported jdk.unsupported.desktop jdk.xml.dom" 

Environment Variables:
PATH=C:\Users\rahul\AppData\Local\Programs\Microsoft VS Code;C:\Python313\Scripts\;C:\Python313\;C:\Windows\System32;C:\Program Files\nodejs\;C:\ProgramData\chocolatey\bin;C:\Users\rahul\Downloads\flutter\bin;C:\Program Files\MySQL\MySQL Server 8.0\bin;C:\Program Files\Git\cmd;C:\Program Files\MySQL\MySQL Shell 8.0\bin\;C:\Users\rahul\AppData\Local\Programs\Microsoft VS Code\bin;C:\Users\rahul\AppData\Local\Microsoft\WindowsApps;C:\MinGW\bin;C:\Program Files\JetBrains\IntelliJ IDEA 2025.1.4.1\bin;;C:\Program Files\JetBrains\IntelliJ IDEA Community Edition 2025.1.4.1\bin;;C:\Program Files\Java\jdk-24\bin;C:\Users\rahul\AppData\Roaming\npm;C:\Users\rahul\AppData\Local\Microsoft\WinGet\Packages\Gyan.FFmpeg_Microsoft.Winget.Source_8wekyb3d8bbwe\ffmpeg-8.0.1-full_build\bin;C:\Users\rahul\AppData\Local\Programs\Antigravity\bin
USERNAME=rahul
OS=Windows_NT
PROCESSOR_IDENTIFIER=AMD64 Family 23 Model 24 Stepping 1, AuthenticAMD
TMP=C:\Users\rahul\AppData\Local\Temp
TEMP=C:\Users\rahul\AppData\Local\Temp




Periodic native trim disabled

---------------  S Y S T E M  ---------------

OS:
 Windows 11 , 64 bit Build 26100 (10.0.26100.7920)
OS uptime: 2 days 22:32 hours

CPU: total 4 (initial active 4) (4 cores per cpu, 2 threads per core) family 23 model 24 stepping 1 microcode 0x8108109, cx8, cmov, fxsr, ht, mmx, 3dnowpref, sse, sse2, sse3, ssse3, sse4a, sse4.1, sse4.2, popcnt, lzcnt, tsc, tscinvbit, avx, avx2, aes, clmul, bmi1, bmi2, adx, sha, fma, vzeroupper, clflush, clflushopt, rdtscp, f16c
Processor Information for the first 4 processors :
  Max Mhz: 2600, Current Mhz: 2600, Mhz Limit: 2600

Memory: 4k page, system-wide physical 3521M (225M free)
TotalPageFile size 14273M (AvailPageFile size 0M)
current process WorkingSet (physical memory assigned to process): 8M, peak: 267M
current process commit charge ("private bytes"): 390M, peak: 400M

vm_info: OpenJDK 64-Bit Server VM (21.0.10+7-LTS) for windows-amd64 JRE (21.0.10+7-LTS), built on 2026-01-20T00:00:00Z by "admin" with MS VC++ 17.12 (VS2022)

END.
