#
# There is insufficient memory for the Java Runtime Environment to continue.
# Native memory allocation (malloc) failed to allocate 1048576 bytes. Error detail: AllocateHeap
# Possible reasons:
#   The system is out of physical RAM or swap space
#   This process is running with CompressedOops enabled, and the Java Heap may be blocking the growth of the native heap
# Possible solutions:
#   Reduce memory load on the system
#   Increase physical memory or swap space
#   Check if swap backing store is full
#   Decrease Java heap size (-Xmx/-Xms)
#   Decrease number of Java threads
#   Decrease Java thread stack sizes (-Xss)
#   Set larger code cache with -XX:ReservedCodeCacheSize=
#   JVM is running with Unscaled Compressed Oops mode in which the Java heap is
#     placed in the first 4GB address space. The Java Heap base address is the
#     maximum limit for the native heap growth. Please use -XX:HeapBaseMinAddress
#     to set the Java Heap base and to place the Java Heap above 4GB virtual address.
# This output file may be truncated or incomplete.
#
#  Out of Memory Error (allocation.cpp:44), pid=17220, tid=13764
#
# JRE version: OpenJDK Runtime Environment Temurin-21.0.9+10 (21.0.9+10) (build 21.0.9+10-LTS)
# Java VM: OpenJDK 64-Bit Server VM Temurin-21.0.9+10 (21.0.9+10-LTS, mixed mode, sharing, tiered, compressed oops, compressed class ptrs, parallel gc, windows-amd64)
# No core dump will be written. Minidumps are not enabled by default on client versions of Windows
#

---------------  S U M M A R Y ------------

Command Line: --add-modules=ALL-SYSTEM --add-opens=java.base/java.util=ALL-UNNAMED --add-opens=java.base/java.lang=ALL-UNNAMED --add-opens=java.base/sun.nio.fs=ALL-UNNAMED -Declipse.application=org.eclipse.jdt.ls.core.id1 -Dosgi.bundles.defaultStartLevel=4 -Declipse.product=org.eclipse.jdt.ls.core.product -Djava.import.generatesMetadataFilesAtProjectRoot=false -DDetectVMInstallationsJob.disabled=true -Dfile.encoding=utf8 -XX:+UseParallelGC -XX:GCTimeRatio=4 -XX:AdaptiveSizePolicyWeight=90 -Dsun.zip.disableMemoryMapping=true -Xmx2G -Xms100m -Xlog:disable -javaagent:c:\Users\rahul\.vscode\extensions\redhat.java-1.51.0-win32-x64\lombok\lombok-1.18.39-4050.jar -XX:+HeapDumpOnOutOfMemoryError -XX:HeapDumpPath=c:\Users\rahul\AppData\Roaming\Code\User\workspaceStorage\a6ae2ffe8394f0ba21be2d84e92d98ce\redhat.java -Daether.dependencyCollector.impl=bf c:\Users\rahul\.vscode\extensions\redhat.java-1.51.0-win32-x64\server\plugins\org.eclipse.equinox.launcher_1.7.100.v20251111-0406.jar -configuration c:\Users\rahul\AppData\Roaming\Code\User\globalStorage\redhat.java\1.51.0\config_win -data c:\Users\rahul\AppData\Roaming\Code\User\workspaceStorage\a6ae2ffe8394f0ba21be2d84e92d98ce\redhat.java\jdt_ws --pipe=\\.\pipe\lsp-2a721dbb688f7515033e28ac75a6097d-sock

Host: AMD Ryzen 3 3250U with Radeon Graphics         , 4 cores, 3G,  Windows 11 , 64 bit Build 26100 (10.0.26100.7623)
Time: Thu Jan 22 22:28:01 2026 India Standard Time elapsed time: 182113.679135 seconds (2d 2h 35m 13s)

---------------  T H R E A D  ---------------

Current thread (0x0000026be8411780):  JavaThread "Attach Listener" daemon [_thread_in_vm, id=13764, stack(0x00000073f2d00000,0x00000073f2e00000) (1024K)]

Stack: [0x00000073f2d00000,0x00000073f2e00000]
Native frames: (J=compiled Java code, j=interpreted, Vv=VM code, C=native code)
V  [jvm.dll+0x6d6e29]
V  [jvm.dll+0x8b4b76]
V  [jvm.dll+0x8b712e]
V  [jvm.dll+0x8b7813]
V  [jvm.dll+0x283d86]
V  [jvm.dll+0xc1277]
V  [jvm.dll+0x6d76d9]
V  [jvm.dll+0x133466]
V  [jvm.dll+0x3f7ea6]
V  [jvm.dll+0x85e9ad]
V  [jvm.dll+0x6d565d]
C  [ucrtbase.dll+0x37b0]
C  [KERNEL32.DLL+0x2e8d7]
C  [ntdll.dll+0x8c53c]


---------------  P R O C E S S  ---------------

Threads class SMR info:
_java_thread_list=0x0000026bc7ea6b40, length=31, elements={
0x0000026be851c490, 0x0000026be8408fb0, 0x0000026be840c430, 0x0000026be8410b30,
0x0000026be8411780, 0x0000026be84142e0, 0x0000026be8414fb0, 0x0000026be8417df0,
0x0000026be8485050, 0x0000026bffc26870, 0x0000026bffc1ed50, 0x0000026bc555d270,
0x0000026bc58c9ad0, 0x0000026bc58ca130, 0x0000026bc52c0ec0, 0x0000026bc5b580d0,
0x0000026bc5a452b0, 0x0000026bc5ac1360, 0x0000026bc5ac0640, 0x0000026bc5abf290,
0x0000026bc8437160, 0x0000026bc8436440, 0x0000026bc8435db0, 0x0000026bc8439230,
0x0000026bc8438510, 0x0000026bc84377f0, 0x0000026bc8438ba0, 0x0000026bc84398c0,
0x0000026bc843d3d0, 0x0000026bc58f8630, 0x0000026bc8437e80
}

Java Threads: ( => current thread )
  0x0000026be851c490 JavaThread "main"                              [_thread_blocked, id=4332, stack(0x00000073f2600000,0x00000073f2700000) (1024K)]
  0x0000026be8408fb0 JavaThread "Reference Handler"          daemon [_thread_blocked, id=9492, stack(0x00000073f2a00000,0x00000073f2b00000) (1024K)]
  0x0000026be840c430 JavaThread "Finalizer"                  daemon [_thread_blocked, id=14724, stack(0x00000073f2b00000,0x00000073f2c00000) (1024K)]
  0x0000026be8410b30 JavaThread "Signal Dispatcher"          daemon [_thread_blocked, id=5872, stack(0x00000073f2c00000,0x00000073f2d00000) (1024K)]
=>0x0000026be8411780 JavaThread "Attach Listener"            daemon [_thread_in_vm, id=13764, stack(0x00000073f2d00000,0x00000073f2e00000) (1024K)]
  0x0000026be84142e0 JavaThread "Service Thread"             daemon [_thread_blocked, id=12324, stack(0x00000073f2e00000,0x00000073f2f00000) (1024K)]
  0x0000026be8414fb0 JavaThread "Monitor Deflation Thread"   daemon [_thread_blocked, id=12856, stack(0x00000073f2f00000,0x00000073f3000000) (1024K)]
  0x0000026be8417df0 JavaThread "C2 CompilerThread0"         daemon [_thread_blocked, id=14428, stack(0x00000073f3000000,0x00000073f3100000) (1024K)]
  0x0000026be8485050 JavaThread "C1 CompilerThread0"         daemon [_thread_blocked, id=2264, stack(0x00000073f3100000,0x00000073f3200000) (1024K)]
  0x0000026bffc26870 JavaThread "Common-Cleaner"             daemon [_thread_blocked, id=10644, stack(0x00000073f3200000,0x00000073f3300000) (1024K)]
  0x0000026bffc1ed50 JavaThread "Notification Thread"        daemon [_thread_blocked, id=1432, stack(0x00000073f3300000,0x00000073f3400000) (1024K)]
  0x0000026bc555d270 JavaThread "Active Thread: Equinox Container: ca9081ef-85ec-420f-93c7-97243d07d789"        [_thread_blocked, id=19452, stack(0x00000073f3400000,0x00000073f3500000) (1024K)]
  0x0000026bc58c9ad0 JavaThread "Refresh Thread: Equinox Container: ca9081ef-85ec-420f-93c7-97243d07d789" daemon [_thread_blocked, id=1680, stack(0x00000073f3800000,0x00000073f3900000) (1024K)]
  0x0000026bc58ca130 JavaThread "Framework Event Dispatcher: Equinox Container: ca9081ef-85ec-420f-93c7-97243d07d789" daemon [_thread_blocked, id=14896, stack(0x00000073f3900000,0x00000073f3a00000) (1024K)]
  0x0000026bc52c0ec0 JavaThread "Start Level: Equinox Container: ca9081ef-85ec-420f-93c7-97243d07d789" daemon [_thread_blocked, id=1816, stack(0x00000073f3a00000,0x00000073f3b00000) (1024K)]
  0x0000026bc5b580d0 JavaThread "Bundle File Closer"         daemon [_thread_blocked, id=7060, stack(0x00000073f3b00000,0x00000073f3c00000) (1024K)]
  0x0000026bc5a452b0 JavaThread "SCR Component Actor"        daemon [_thread_blocked, id=14872, stack(0x00000073f3c00000,0x00000073f3d00000) (1024K)]
  0x0000026bc5ac1360 JavaThread "Worker-JM"                         [_thread_blocked, id=11212, stack(0x00000073f3e00000,0x00000073f3f00000) (1024K)]
  0x0000026bc5ac0640 JavaThread "JNA Cleaner"                daemon [_thread_blocked, id=13860, stack(0x00000073f3f00000,0x00000073f4000000) (1024K)]
  0x0000026bc5abf290 JavaThread "Java indexing"              daemon [_thread_blocked, id=9848, stack(0x00000073f4300000,0x00000073f4400000) (1024K)]
  0x0000026bc8437160 JavaThread "Thread-1"                   daemon [_thread_in_native, id=816, stack(0x00000073f4900000,0x00000073f4a00000) (1024K)]
  0x0000026bc8436440 JavaThread "Thread-2"                   daemon [_thread_in_native, id=1660, stack(0x00000073f4a00000,0x00000073f4b00000) (1024K)]
  0x0000026bc8435db0 JavaThread "Thread-3"                   daemon [_thread_in_native, id=13196, stack(0x00000073f4b00000,0x00000073f4c00000) (1024K)]
  0x0000026bc8439230 JavaThread "Thread-4"                   daemon [_thread_in_native, id=868, stack(0x00000073f4c00000,0x00000073f4d00000) (1024K)]
  0x0000026bc8438510 JavaThread "Thread-5"                   daemon [_thread_in_native, id=5908, stack(0x00000073f4d00000,0x00000073f4e00000) (1024K)]
  0x0000026bc84377f0 JavaThread "pool-2-thread-1"                   [_thread_blocked, id=14652, stack(0x00000073f4e00000,0x00000073f4f00000) (1024K)]
  0x0000026bc8438ba0 JavaThread "WorkspaceEventsHandler"            [_thread_blocked, id=6436, stack(0x00000073f4f00000,0x00000073f5000000) (1024K)]
  0x0000026bc84398c0 JavaThread "pool-1-thread-1"                   [_thread_blocked, id=12932, stack(0x00000073f5000000,0x00000073f5100000) (1024K)]
  0x0000026bc843d3d0 JavaThread "Cleaner-0"                  daemon [_thread_blocked, id=13824, stack(0x00000073f5200000,0x00000073f5300000) (1024K)]
  0x0000026bc58f8630 JavaThread "Worker-43"                         [_thread_blocked, id=16020, stack(0x00000073f4000000,0x00000073f4100000) (1024K)]
  0x0000026bc8437e80 JavaThread "Worker-45"                         [_thread_blocked, id=5168, stack(0x00000073f4200000,0x00000073f4300000) (1024K)]
Total: 31

Other Threads:
  0x0000026be85dbf00 VMThread "VM Thread"                           [id=12068, stack(0x00000073f2900000,0x00000073f2a00000) (1024K)]
  0x0000026be83aca00 WatcherThread "VM Periodic Task Thread"        [id=11380, stack(0x00000073f2800000,0x00000073f2900000) (1024K)]
  0x0000026be853c9b0 WorkerThread "GC Thread#0"                     [id=18668, stack(0x00000073f2700000,0x00000073f2800000) (1024K)]
  0x0000026bc5591dc0 WorkerThread "GC Thread#1"                     [id=14416, stack(0x00000073f3500000,0x00000073f3600000) (1024K)]
  0x0000026bc5592160 WorkerThread "GC Thread#2"                     [id=17456, stack(0x00000073f3600000,0x00000073f3700000) (1024K)]
  0x0000026bc52470f0 WorkerThread "GC Thread#3"                     [id=16372, stack(0x00000073f3700000,0x00000073f3800000) (1024K)]
Total: 6

Threads with active compile tasks:
Total: 0

VM state: not at safepoint (normal execution)

VM Mutex/Monitor currently owned by a thread: None

Heap address: 0x0000000080000000, size: 2048 MB, Compressed Oops mode: 32-bit

CDS archive(s) mapped at: [0x0000026b80000000-0x0000026b80ba0000-0x0000026b80ba0000), size 12189696, SharedBaseAddress: 0x0000026b80000000, ArchiveRelocationMode: 1.
Compressed class space mapped at: 0x0000026b81000000-0x0000026bc1000000, reserved size: 1073741824
Narrow klass base: 0x0000026b80000000, Narrow klass shift: 0, Narrow klass range: 0x100000000

GC Precious Log:
 CardTable entry size: 512
 CPUs: 4 total, 4 available
 Memory: 3521M
 Large Page Support: Disabled
 NUMA Support: Disabled
 Compressed Oops: Enabled (32-bit)
 Alignments: Space 512K, Generation 512K, Heap 2M
 Heap Min Capacity: 100M
 Heap Initial Capacity: 100M
 Heap Max Capacity: 2G
 Pre-touch: Disabled
 Parallel Workers: 4

Heap:
 PSYoungGen      total 9216K, used 4391K [0x00000000d5580000, 0x00000000d5f00000, 0x0000000100000000)
  eden space 8192K, 47% used [0x00000000d5580000,0x00000000d5951dc8,0x00000000d5d80000)
  from space 1024K, 46% used [0x00000000d5d80000,0x00000000d5df8000,0x00000000d5e80000)
  to   space 512K, 0% used [0x00000000d5e80000,0x00000000d5e80000,0x00000000d5f00000)
 ParOldGen       total 1131008K, used 1009577K [0x0000000080000000, 0x00000000c5080000, 0x00000000d5580000)
  object space 1131008K, 89% used [0x0000000080000000,0x00000000bd9ea788,0x00000000c5080000)
 Metaspace       used 92511K, committed 94144K, reserved 1179648K
  class space    used 9165K, committed 9920K, reserved 1048576K

Card table byte_map: [0x0000026be7ec0000,0x0000026be82d0000] _byte_map_base: 0x0000026be7ac0000

Marking Bits: (ParMarkBitMap*) 0x00007ffbb44c2460
 Begin Bits: [0x0000026bfa9d0000, 0x0000026bfc9d0000)
 End Bits:   [0x0000026bfc9d0000, 0x0000026bfe9d0000)

Polling page: 0x0000026be6810000

Metaspace:

Usage:
  Non-class:     81.39 MB used.
      Class:      8.95 MB used.
       Both:     90.34 MB used.

Virtual space:
  Non-class space:      128.00 MB reserved,      82.25 MB ( 64%) committed,  2 nodes.
      Class space:        1.00 GB reserved,       9.69 MB ( <1%) committed,  1 nodes.
             Both:        1.12 GB reserved,      91.94 MB (  8%) committed. 

Chunk freelists:
   Non-Class:  13.47 MB
       Class:  6.36 MB
        Both:  19.83 MB

MaxMetaspaceSize: unlimited
CompressedClassSpaceSize: 1.00 GB
Initial GC threshold: 21.00 MB
Current GC threshold: 148.88 MB
CDS: on
 - commit_granule_bytes: 65536.
 - commit_granule_words: 8192.
 - virtual_space_node_default_size: 8388608.
 - enlarge_chunks_in_place: 1.
 - use_allocation_guard: 0.


Internal statistics:

num_allocs_failed_limit: 9.
num_arena_births: 1760.
num_arena_deaths: 438.
num_vsnodes_births: 3.
num_vsnodes_deaths: 0.
num_space_committed: 1471.
num_space_uncommitted: 0.
num_chunks_returned_to_freelist: 509.
num_chunks_taken_from_freelist: 6600.
num_chunk_merges: 129.
num_chunk_splits: 3750.
num_chunks_enlarged: 2035.
num_inconsistent_stats: 0.

CodeHeap 'non-profiled nmethods': size=120000Kb used=28591Kb max_used=28671Kb free=91408Kb
 bounds [0x0000026bf31f0000, 0x0000026bf4df0000, 0x0000026bfa720000]
CodeHeap 'profiled nmethods': size=120000Kb used=46626Kb max_used=53033Kb free=73373Kb
 bounds [0x0000026beb720000, 0x0000026beeaf0000, 0x0000026bf2c50000]
CodeHeap 'non-nmethods': size=5760Kb used=1530Kb max_used=1595Kb free=4229Kb
 bounds [0x0000026bf2c50000, 0x0000026bf2ec0000, 0x0000026bf31f0000]
CodeCache: size=245760Kb, used=76747Kb, max_used=83299Kb, free=169010Kb
 total_blobs=19424, nmethods=18578, adapters=749, full_count=0
Compilation: enabled, stopped_count=0, restarted_count=0

Compilation events (20 events):
Event: 181133.721 Thread 0x0000026be8417df0 26210       4       java.util.List::spliterator (23 bytes)
Event: 181133.729 Thread 0x0000026be8417df0 nmethod 26210 0x0000026bf4160190 code [0x0000026bf4160340, 0x0000026bf4160628]
Event: 181137.005 Thread 0x0000026be8417df0 26211       4       org.eclipse.jdt.internal.compiler.parser.Parser::updateSourceDeclarationParts (107 bytes)
Event: 181137.013 Thread 0x0000026be8417df0 nmethod 26211 0x0000026bf415fb10 code [0x0000026bf415fcc0, 0x0000026bf415ff58]
Event: 181137.713 Thread 0x0000026be8485050 26212       3       org.eclipse.jdt.internal.compiler.parser.Parser::consumeFieldDeclaration (243 bytes)
Event: 181137.714 Thread 0x0000026be8485050 nmethod 26212 0x0000026beb94c210 code [0x0000026beb94c440, 0x0000026beb94cfb0]
Event: 181137.961 Thread 0x0000026be8417df0 26213       4       org.eclipse.jdt.internal.core.manipulation.JavaElementLabelComposerCore::appendMethodParams (63 bytes)
Event: 181137.974 Thread 0x0000026be8417df0 nmethod 26213 0x0000026bf415e690 code [0x0000026bf415e900, 0x0000026bf415f398]
Event: 181139.203 Thread 0x0000026be8417df0 26214       4       org.eclipse.jdt.internal.codeassist.select.SelectionParser::checkRecoveredType (91 bytes)
Event: 181139.207 Thread 0x0000026be8417df0 nmethod 26214 0x0000026bf415e190 code [0x0000026bf415e340, 0x0000026bf415e520]
Event: 181141.384 Thread 0x0000026be8417df0 26215       4       org.eclipse.jdt.internal.core.manipulation.JavaElementLabelComposerCore::appendMethodParamsList (368 bytes)
Event: 181141.432 Thread 0x0000026be8417df0 nmethod 26215 0x0000026bf418fc10 code [0x0000026bf418ff60, 0x0000026bf4190ff8]
Event: 181141.432 Thread 0x0000026be8417df0 26216   !   4       org.eclipse.jdt.internal.core.manipulation.JavaElementLabelComposerCore::appendMethodLabel (332 bytes)
Event: 181141.490 Thread 0x0000026be8417df0 nmethod 26216 0x0000026bf4189710 code [0x0000026bf4189d00, 0x0000026bf418d540]
Event: 181141.491 Thread 0x0000026be8417df0 26217       4       org.eclipse.jdt.internal.core.JavaElementDeltaBuilder::recordElementInfo (207 bytes)
Event: 181141.585 Thread 0x0000026be8417df0 nmethod 26217 0x0000026bf4184410 code [0x0000026bf4184840, 0x0000026bf41874f0]
Event: 182014.211 Thread 0x0000026be8417df0 26218       4       org.eclipse.jdt.ls.core.internal.ParentProcessWatcher::run (83 bytes)
Event: 182014.300 Thread 0x0000026be8417df0 nmethod 26218 0x0000026bf415db90 code [0x0000026bf415dd40, 0x0000026bf415df18]
Event: 182014.300 Thread 0x0000026be8417df0 26219       4       org.eclipse.jdt.ls.core.internal.ParentProcessWatcher::parentProcessStillRunning (62 bytes)
Event: 182014.305 Thread 0x0000026be8417df0 nmethod 26219 0x0000026bf4183e10 code [0x0000026bf4183fc0, 0x0000026bf41841a0]

GC Heap History (20 events):
Event: 181137.023 GC heap before
{Heap before GC invocations=6646 (full 6):
 PSYoungGen      total 6144K, used 5920K [0x00000000d5580000, 0x00000000d5f80000, 0x0000000100000000)
  eden space 5632K, 100% used [0x00000000d5580000,0x00000000d5b00000,0x00000000d5b00000)
  from space 512K, 56% used [0x00000000d5b00000,0x00000000d5b48000,0x00000000d5b80000)
  to   space 1536K, 0% used [0x00000000d5e00000,0x00000000d5e00000,0x00000000d5f80000)
 ParOldGen       total 1131008K, used 1006919K [0x0000000080000000, 0x00000000c5080000, 0x00000000d5580000)
  object space 1131008K, 89% used [0x0000000080000000,0x00000000bd751e78,0x00000000c5080000)
 Metaspace       used 92511K, committed 94144K, reserved 1179648K
  class space    used 9165K, committed 9920K, reserved 1048576K
}
Event: 181137.029 GC heap after
{Heap after GC invocations=6646 (full 6):
 PSYoungGen      total 7168K, used 1517K [0x00000000d5580000, 0x00000000d6280000, 0x0000000100000000)
  eden space 5632K, 0% used [0x00000000d5580000,0x00000000d5580000,0x00000000d5b00000)
  from space 1536K, 98% used [0x00000000d5e00000,0x00000000d5f7b7e0,0x00000000d5f80000)
  to   space 3072K, 0% used [0x00000000d5b00000,0x00000000d5b00000,0x00000000d5e00000)
 ParOldGen       total 1131008K, used 1007630K [0x0000000080000000, 0x00000000c5080000, 0x00000000d5580000)
  object space 1131008K, 89% used [0x0000000080000000,0x00000000bd8038b8,0x00000000c5080000)
 Metaspace       used 92511K, committed 94144K, reserved 1179648K
  class space    used 9165K, committed 9920K, reserved 1048576K
}
Event: 181137.953 GC heap before
{Heap before GC invocations=6647 (full 6):
 PSYoungGen      total 7168K, used 7149K [0x00000000d5580000, 0x00000000d6280000, 0x0000000100000000)
  eden space 5632K, 100% used [0x00000000d5580000,0x00000000d5b00000,0x00000000d5b00000)
  from space 1536K, 98% used [0x00000000d5e00000,0x00000000d5f7b7e0,0x00000000d5f80000)
  to   space 3072K, 0% used [0x00000000d5b00000,0x00000000d5b00000,0x00000000d5e00000)
 ParOldGen       total 1131008K, used 1007630K [0x0000000080000000, 0x00000000c5080000, 0x00000000d5580000)
  object space 1131008K, 89% used [0x0000000080000000,0x00000000bd8038b8,0x00000000c5080000)
 Metaspace       used 92511K, committed 94144K, reserved 1179648K
  class space    used 9165K, committed 9920K, reserved 1048576K
}
Event: 181137.960 GC heap after
{Heap after GC invocations=6647 (full 6):
 PSYoungGen      total 8704K, used 688K [0x00000000d5580000, 0x00000000d5f80000, 0x0000000100000000)
  eden space 5632K, 0% used [0x00000000d5580000,0x00000000d5580000,0x00000000d5b00000)
  from space 3072K, 22% used [0x00000000d5b00000,0x00000000d5bac010,0x00000000d5e00000)
  to   space 1536K, 0% used [0x00000000d5e00000,0x00000000d5e00000,0x00000000d5f80000)
 ParOldGen       total 1131008K, used 1007646K [0x0000000080000000, 0x00000000c5080000, 0x00000000d5580000)
  object space 1131008K, 89% used [0x0000000080000000,0x00000000bd8078b8,0x00000000c5080000)
 Metaspace       used 92511K, committed 94144K, reserved 1179648K
  class space    used 9165K, committed 9920K, reserved 1048576K
}
Event: 181138.311 GC heap before
{Heap before GC invocations=6648 (full 6):
 PSYoungGen      total 8704K, used 6320K [0x00000000d5580000, 0x00000000d5f80000, 0x0000000100000000)
  eden space 5632K, 100% used [0x00000000d5580000,0x00000000d5b00000,0x00000000d5b00000)
  from space 3072K, 22% used [0x00000000d5b00000,0x00000000d5bac010,0x00000000d5e00000)
  to   space 1536K, 0% used [0x00000000d5e00000,0x00000000d5e00000,0x00000000d5f80000)
 ParOldGen       total 1131008K, used 1007646K [0x0000000080000000, 0x00000000c5080000, 0x00000000d5580000)
  object space 1131008K, 89% used [0x0000000080000000,0x00000000bd8078b8,0x00000000c5080000)
 Metaspace       used 92511K, committed 94144K, reserved 1179648K
  class space    used 9165K, committed 9920K, reserved 1048576K
}
Event: 181138.317 GC heap after
{Heap after GC invocations=6648 (full 6):
 PSYoungGen      total 7168K, used 1261K [0x00000000d5580000, 0x00000000d5f80000, 0x0000000100000000)
  eden space 5632K, 0% used [0x00000000d5580000,0x00000000d5580000,0x00000000d5b00000)
  from space 1536K, 82% used [0x00000000d5e00000,0x00000000d5f3b7e0,0x00000000d5f80000)
  to   space 1536K, 0% used [0x00000000d5c80000,0x00000000d5c80000,0x00000000d5e00000)
 ParOldGen       total 1131008K, used 1008043K [0x0000000080000000, 0x00000000c5080000, 0x00000000d5580000)
  object space 1131008K, 89% used [0x0000000080000000,0x00000000bd86ad48,0x00000000c5080000)
 Metaspace       used 92511K, committed 94144K, reserved 1179648K
  class space    used 9165K, committed 9920K, reserved 1048576K
}
Event: 181138.329 GC heap before
{Heap before GC invocations=6649 (full 6):
 PSYoungGen      total 7168K, used 6893K [0x00000000d5580000, 0x00000000d5f80000, 0x0000000100000000)
  eden space 5632K, 99% used [0x00000000d5580000,0x00000000d5afffb8,0x00000000d5b00000)
  from space 1536K, 82% used [0x00000000d5e00000,0x00000000d5f3b7e0,0x00000000d5f80000)
  to   space 1536K, 0% used [0x00000000d5c80000,0x00000000d5c80000,0x00000000d5e00000)
 ParOldGen       total 1131008K, used 1008043K [0x0000000080000000, 0x00000000c5080000, 0x00000000d5580000)
  object space 1131008K, 89% used [0x0000000080000000,0x00000000bd86ad48,0x00000000c5080000)
 Metaspace       used 92511K, committed 94144K, reserved 1179648K
  class space    used 9165K, committed 9920K, reserved 1048576K
}
Event: 181138.340 GC heap after
{Heap after GC invocations=6649 (full 6):
 PSYoungGen      total 8704K, used 1517K [0x00000000d5580000, 0x00000000d6380000, 0x0000000100000000)
  eden space 7168K, 0% used [0x00000000d5580000,0x00000000d5580000,0x00000000d5c80000)
  from space 1536K, 98% used [0x00000000d5c80000,0x00000000d5dfb7e0,0x00000000d5e00000)
  to   space 3584K, 0% used [0x00000000d6000000,0x00000000d6000000,0x00000000d6380000)
 ParOldGen       total 1131008K, used 1009473K [0x0000000080000000, 0x00000000c5080000, 0x00000000d5580000)
  object space 1131008K, 89% used [0x0000000080000000,0x00000000bd9d0788,0x00000000c5080000)
 Metaspace       used 92511K, committed 94144K, reserved 1179648K
  class space    used 9165K, committed 9920K, reserved 1048576K
}
Event: 181138.356 GC heap before
{Heap before GC invocations=6650 (full 6):
 PSYoungGen      total 8704K, used 8685K [0x00000000d5580000, 0x00000000d6380000, 0x0000000100000000)
  eden space 7168K, 100% used [0x00000000d5580000,0x00000000d5c80000,0x00000000d5c80000)
  from space 1536K, 98% used [0x00000000d5c80000,0x00000000d5dfb7e0,0x00000000d5e00000)
  to   space 3584K, 0% used [0x00000000d6000000,0x00000000d6000000,0x00000000d6380000)
 ParOldGen       total 1131008K, used 1009473K [0x0000000080000000, 0x00000000c5080000, 0x00000000d5580000)
  object space 1131008K, 89% used [0x0000000080000000,0x00000000bd9d0788,0x00000000c5080000)
 Metaspace       used 92511K, committed 94144K, reserved 1179648K
  class space    used 9165K, committed 9920K, reserved 1048576K
}
Event: 181138.361 GC heap after
{Heap after GC invocations=6650 (full 6):
 PSYoungGen      total 11264K, used 1965K [0x00000000d5580000, 0x00000000d6300000, 0x0000000100000000)
  eden space 8192K, 0% used [0x00000000d5580000,0x00000000d5580000,0x00000000d5d80000)
  from space 3072K, 63% used [0x00000000d6000000,0x00000000d61eb7e0,0x00000000d6300000)
  to   space 2560K, 0% used [0x00000000d5d80000,0x00000000d5d80000,0x00000000d6000000)
 ParOldGen       total 1131008K, used 1009481K [0x0000000080000000, 0x00000000c5080000, 0x00000000d5580000)
  object space 1131008K, 89% used [0x0000000080000000,0x00000000bd9d2788,0x00000000c5080000)
 Metaspace       used 92511K, committed 94144K, reserved 1179648K
  class space    used 9165K, committed 9920K, reserved 1048576K
}
Event: 181139.190 GC heap before
{Heap before GC invocations=6651 (full 6):
 PSYoungGen      total 11264K, used 10157K [0x00000000d5580000, 0x00000000d6300000, 0x0000000100000000)
  eden space 8192K, 100% used [0x00000000d5580000,0x00000000d5d80000,0x00000000d5d80000)
  from space 3072K, 63% used [0x00000000d6000000,0x00000000d61eb7e0,0x00000000d6300000)
  to   space 2560K, 0% used [0x00000000d5d80000,0x00000000d5d80000,0x00000000d6000000)
 ParOldGen       total 1131008K, used 1009481K [0x0000000080000000, 0x00000000c5080000, 0x00000000d5580000)
  object space 1131008K, 89% used [0x0000000080000000,0x00000000bd9d2788,0x00000000c5080000)
 Metaspace       used 92511K, committed 94144K, reserved 1179648K
  class space    used 9165K, committed 9920K, reserved 1048576K
}
Event: 181139.195 GC heap after
{Heap after GC invocations=6651 (full 6):
 PSYoungGen      total 9728K, used 1165K [0x00000000d5580000, 0x00000000d6080000, 0x0000000100000000)
  eden space 8192K, 0% used [0x00000000d5580000,0x00000000d5580000,0x00000000d5d80000)
  from space 1536K, 75% used [0x00000000d5d80000,0x00000000d5ea37e0,0x00000000d5f00000)
  to   space 1536K, 0% used [0x00000000d5f00000,0x00000000d5f00000,0x00000000d6080000)
 ParOldGen       total 1131008K, used 1009505K [0x0000000080000000, 0x00000000c5080000, 0x00000000d5580000)
  object space 1131008K, 89% used [0x0000000080000000,0x00000000bd9d8788,0x00000000c5080000)
 Metaspace       used 92511K, committed 94144K, reserved 1179648K
  class space    used 9165K, committed 9920K, reserved 1048576K
}
Event: 181139.216 GC heap before
{Heap before GC invocations=6652 (full 6):
 PSYoungGen      total 9728K, used 9357K [0x00000000d5580000, 0x00000000d6080000, 0x0000000100000000)
  eden space 8192K, 100% used [0x00000000d5580000,0x00000000d5d80000,0x00000000d5d80000)
  from space 1536K, 75% used [0x00000000d5d80000,0x00000000d5ea37e0,0x00000000d5f00000)
  to   space 1536K, 0% used [0x00000000d5f00000,0x00000000d5f00000,0x00000000d6080000)
 ParOldGen       total 1131008K, used 1009505K [0x0000000080000000, 0x00000000c5080000, 0x00000000d5580000)
  object space 1131008K, 89% used [0x0000000080000000,0x00000000bd9d8788,0x00000000c5080000)
 Metaspace       used 92511K, committed 94144K, reserved 1179648K
  class space    used 9165K, committed 9920K, reserved 1048576K
}
Event: 181139.221 GC heap after
{Heap after GC invocations=6652 (full 6):
 PSYoungGen      total 9728K, used 1101K [0x00000000d5580000, 0x00000000d6080000, 0x0000000100000000)
  eden space 8192K, 0% used [0x00000000d5580000,0x00000000d5580000,0x00000000d5d80000)
  from space 1536K, 71% used [0x00000000d5f00000,0x00000000d60137e0,0x00000000d6080000)
  to   space 1536K, 0% used [0x00000000d5d80000,0x00000000d5d80000,0x00000000d5f00000)
 ParOldGen       total 1131008K, used 1009529K [0x0000000080000000, 0x00000000c5080000, 0x00000000d5580000)
  object space 1131008K, 89% used [0x0000000080000000,0x00000000bd9de788,0x00000000c5080000)
 Metaspace       used 92511K, committed 94144K, reserved 1179648K
  class space    used 9165K, committed 9920K, reserved 1048576K
}
Event: 181139.933 GC heap before
{Heap before GC invocations=6653 (full 6):
 PSYoungGen      total 9728K, used 9293K [0x00000000d5580000, 0x00000000d6080000, 0x0000000100000000)
  eden space 8192K, 100% used [0x00000000d5580000,0x00000000d5d80000,0x00000000d5d80000)
  from space 1536K, 71% used [0x00000000d5f00000,0x00000000d60137e0,0x00000000d6080000)
  to   space 1536K, 0% used [0x00000000d5d80000,0x00000000d5d80000,0x00000000d5f00000)
 ParOldGen       total 1131008K, used 1009529K [0x0000000080000000, 0x00000000c5080000, 0x00000000d5580000)
  object space 1131008K, 89% used [0x0000000080000000,0x00000000bd9de788,0x00000000c5080000)
 Metaspace       used 92511K, committed 94144K, reserved 1179648K
  class space    used 9165K, committed 9920K, reserved 1048576K
}
Event: 181139.937 GC heap after
{Heap after GC invocations=6653 (full 6):
 PSYoungGen      total 9216K, used 685K [0x00000000d5580000, 0x00000000d5f80000, 0x0000000100000000)
  eden space 8192K, 0% used [0x00000000d5580000,0x00000000d5580000,0x00000000d5d80000)
  from space 1024K, 66% used [0x00000000d5d80000,0x00000000d5e2b7e0,0x00000000d5e80000)
  to   space 1024K, 0% used [0x00000000d5e80000,0x00000000d5e80000,0x00000000d5f80000)
 ParOldGen       total 1131008K, used 1009537K [0x0000000080000000, 0x00000000c5080000, 0x00000000d5580000)
  object space 1131008K, 89% used [0x0000000080000000,0x00000000bd9e0788,0x00000000c5080000)
 Metaspace       used 92511K, committed 94144K, reserved 1179648K
  class space    used 9165K, committed 9920K, reserved 1048576K
}
Event: 181139.957 GC heap before
{Heap before GC invocations=6654 (full 6):
 PSYoungGen      total 9216K, used 8770K [0x00000000d5580000, 0x00000000d5f80000, 0x0000000100000000)
  eden space 8192K, 98% used [0x00000000d5580000,0x00000000d5d65050,0x00000000d5d80000)
  from space 1024K, 66% used [0x00000000d5d80000,0x00000000d5e2b7e0,0x00000000d5e80000)
  to   space 1024K, 0% used [0x00000000d5e80000,0x00000000d5e80000,0x00000000d5f80000)
 ParOldGen       total 1131008K, used 1009537K [0x0000000080000000, 0x00000000c5080000, 0x00000000d5580000)
  object space 1131008K, 89% used [0x0000000080000000,0x00000000bd9e0788,0x00000000c5080000)
 Metaspace       used 92511K, committed 94144K, reserved 1179648K
  class space    used 9165K, committed 9920K, reserved 1048576K
}
Event: 181139.960 GC heap after
{Heap after GC invocations=6654 (full 6):
 PSYoungGen      total 9216K, used 454K [0x00000000d5580000, 0x00000000d5f80000, 0x0000000100000000)
  eden space 8192K, 0% used [0x00000000d5580000,0x00000000d5580000,0x00000000d5d80000)
  from space 1024K, 44% used [0x00000000d5e80000,0x00000000d5ef1bf0,0x00000000d5f80000)
  to   space 1024K, 0% used [0x00000000d5d80000,0x00000000d5d80000,0x00000000d5e80000)
 ParOldGen       total 1131008K, used 1009553K [0x0000000080000000, 0x00000000c5080000, 0x00000000d5580000)
  object space 1131008K, 89% used [0x0000000080000000,0x00000000bd9e4788,0x00000000c5080000)
 Metaspace       used 92511K, committed 94144K, reserved 1179648K
  class space    used 9165K, committed 9920K, reserved 1048576K
}
Event: 181141.393 GC heap before
{Heap before GC invocations=6655 (full 6):
 PSYoungGen      total 9216K, used 8646K [0x00000000d5580000, 0x00000000d5f80000, 0x0000000100000000)
  eden space 8192K, 100% used [0x00000000d5580000,0x00000000d5d80000,0x00000000d5d80000)
  from space 1024K, 44% used [0x00000000d5e80000,0x00000000d5ef1bf0,0x00000000d5f80000)
  to   space 1024K, 0% used [0x00000000d5d80000,0x00000000d5d80000,0x00000000d5e80000)
 ParOldGen       total 1131008K, used 1009553K [0x0000000080000000, 0x00000000c5080000, 0x00000000d5580000)
  object space 1131008K, 89% used [0x0000000080000000,0x00000000bd9e4788,0x00000000c5080000)
 Metaspace       used 92511K, committed 94144K, reserved 1179648K
  class space    used 9165K, committed 9920K, reserved 1048576K
}
Event: 181141.398 GC heap after
{Heap after GC invocations=6655 (full 6):
 PSYoungGen      total 9216K, used 480K [0x00000000d5580000, 0x00000000d5f00000, 0x0000000100000000)
  eden space 8192K, 0% used [0x00000000d5580000,0x00000000d5580000,0x00000000d5d80000)
  from space 1024K, 46% used [0x00000000d5d80000,0x00000000d5df8000,0x00000000d5e80000)
  to   space 512K, 0% used [0x00000000d5e80000,0x00000000d5e80000,0x00000000d5f00000)
 ParOldGen       total 1131008K, used 1009577K [0x0000000080000000, 0x00000000c5080000, 0x00000000d5580000)
  object space 1131008K, 89% used [0x0000000080000000,0x00000000bd9ea788,0x00000000c5080000)
 Metaspace       used 92511K, committed 94144K, reserved 1179648K
  class space    used 9165K, committed 9920K, reserved 1048576K
}

Dll operation events (12 events):
Event: 0.031 Loaded shared library c:\Users\rahul\.vscode\extensions\redhat.java-1.51.0-win32-x64\jre\21.0.9-win32-x86_64\bin\java.dll
Event: 0.253 Loaded shared library c:\Users\rahul\.vscode\extensions\redhat.java-1.51.0-win32-x64\jre\21.0.9-win32-x86_64\bin\zip.dll
Event: 0.523 Loaded shared library C:\Users\rahul\.vscode\extensions\redhat.java-1.51.0-win32-x64\jre\21.0.9-win32-x86_64\bin\instrument.dll
Event: 0.538 Loaded shared library C:\Users\rahul\.vscode\extensions\redhat.java-1.51.0-win32-x64\jre\21.0.9-win32-x86_64\bin\net.dll
Event: 0.547 Loaded shared library C:\Users\rahul\.vscode\extensions\redhat.java-1.51.0-win32-x64\jre\21.0.9-win32-x86_64\bin\nio.dll
Event: 0.555 Loaded shared library C:\Users\rahul\.vscode\extensions\redhat.java-1.51.0-win32-x64\jre\21.0.9-win32-x86_64\bin\zip.dll
Event: 0.605 Loaded shared library C:\Users\rahul\.vscode\extensions\redhat.java-1.51.0-win32-x64\jre\21.0.9-win32-x86_64\bin\jimage.dll
Event: 0.773 Loaded shared library c:\Users\rahul\.vscode\extensions\redhat.java-1.51.0-win32-x64\jre\21.0.9-win32-x86_64\bin\verify.dll
Event: 17.998 Loaded shared library C:\Users\rahul\AppData\Roaming\Code\User\globalStorage\redhat.java\1.51.0\config_win\org.eclipse.equinox.launcher\org.eclipse.equinox.launcher.win32.win32.x86_64_1.2.1400.v20250801-0854\eclipse_11916.dll
Event: 44.372 Loaded shared library C:\Users\rahul\AppData\Local\Temp\jna-108274800\jna11944984413765243622.dll
Event: 48.265 Loaded shared library C:\Users\rahul\.vscode\extensions\redhat.java-1.51.0-win32-x64\jre\21.0.9-win32-x86_64\bin\sunmscapi.dll
Event: 48.845 Loaded shared library C:\Users\rahul\.vscode\extensions\redhat.java-1.51.0-win32-x64\jre\21.0.9-win32-x86_64\bin\extnet.dll

Deoptimization events (20 events):
Event: 181120.190 Thread 0x0000026bc843c6b0 Uncommon trap: trap_request=0xffffffde fr.pc=0x0000026bf3ced168 relative=0x0000000000001328
Event: 181120.190 Thread 0x0000026bc843c6b0 Uncommon trap: reason=class_check action=maybe_recompile pc=0x0000026bf3ced168 method=org.eclipse.jdt.internal.core.manipulation.JavaElementLabelComposerCore.appendMethodParamsList(Lorg/eclipse/jdt/core/IMethod;JLjava/lang/String;)V @ 124 c2
Event: 181120.190 Thread 0x0000026bc843c6b0 DEOPT PACKING pc=0x0000026bf3ced168 sp=0x00000073f25fe870
Event: 181120.190 Thread 0x0000026bc843c6b0 DEOPT UNPACKING pc=0x0000026bf2ca3aa2 sp=0x00000073f25fe7f0 mode 2
Event: 181122.370 Thread 0x0000026bc84398c0 Uncommon trap: trap_request=0xffffffc6 fr.pc=0x0000026bf48db450 relative=0x0000000000000cd0
Event: 181122.370 Thread 0x0000026bc84398c0 Uncommon trap: reason=bimorphic_or_optimized_type_check action=maybe_recompile pc=0x0000026bf48db450 method=org.eclipse.jdt.internal.compiler.lookup.MethodScope.createMethod(Lorg/eclipse/jdt/internal/compiler/ast/AbstractMethodDeclaration;)Lorg/eclipse/jd
Event: 181122.370 Thread 0x0000026bc84398c0 DEOPT PACKING pc=0x0000026bf48db450 sp=0x00000073f50fe590
Event: 181122.370 Thread 0x0000026bc84398c0 DEOPT UNPACKING pc=0x0000026bf2ca3aa2 sp=0x00000073f50fe510 mode 2
Event: 181122.370 Thread 0x0000026bc84398c0 Uncommon trap: trap_request=0xffffffc6 fr.pc=0x0000026bf4908d74 relative=0x0000000000001214
Event: 181122.370 Thread 0x0000026bc84398c0 Uncommon trap: reason=bimorphic_or_optimized_type_check action=maybe_recompile pc=0x0000026bf4908d74 method=org.eclipse.jdt.internal.compiler.lookup.ClassScope.buildMethods()V @ 386 c2
Event: 181122.370 Thread 0x0000026bc84398c0 DEOPT PACKING pc=0x0000026bf4908d74 sp=0x00000073f50fe5f0
Event: 181122.370 Thread 0x0000026bc84398c0 DEOPT UNPACKING pc=0x0000026bf2ca3aa2 sp=0x00000073f50fe5a8 mode 2
Event: 181125.745 Thread 0x0000026bc843c6b0 DEOPT PACKING pc=0x0000026bec1558aa sp=0x00000073f25febe0
Event: 181125.745 Thread 0x0000026bc843c6b0 DEOPT UNPACKING pc=0x0000026bf2ca4242 sp=0x00000073f25fe0b8 mode 0
Event: 181128.311 Thread 0x0000026bc84398c0 Uncommon trap: trap_request=0xffffff45 fr.pc=0x0000026bf4ba9788 relative=0x00000000000015a8
Event: 181128.311 Thread 0x0000026bc84398c0 Uncommon trap: reason=unstable_if action=reinterpret pc=0x0000026bf4ba9788 method=org.eclipse.jdt.internal.codeassist.complete.CompletionParser.consumeToken(Lorg/eclipse/jdt/internal/compiler/parser/TerminalToken;)V @ 3028 c2
Event: 181128.311 Thread 0x0000026bc84398c0 DEOPT PACKING pc=0x0000026bf4ba9788 sp=0x00000073f50fe050
Event: 181128.312 Thread 0x0000026bc84398c0 DEOPT UNPACKING pc=0x0000026bf2ca3aa2 sp=0x00000073f50fdfe0 mode 2
Event: 181128.754 Thread 0x0000026bc8439f50 DEOPT PACKING pc=0x0000026bee4aacc3 sp=0x00000073f24febe0
Event: 181128.754 Thread 0x0000026bc8439f50 DEOPT UNPACKING pc=0x0000026bf2ca4242 sp=0x00000073f24fe130 mode 0

Classes loaded (20 events):
Event: 3475.012 Loading class sun/security/ssl/CertificateVerify$T13CertificateVerifyMessage
Event: 3475.017 Loading class sun/security/ssl/CertificateVerify$T13CertificateVerifyMessage done
Event: 3475.024 Loading class sun/security/ssl/SSLBasicKeyDerivation
Event: 3475.027 Loading class sun/security/ssl/SSLBasicKeyDerivation done
Event: 3475.027 Loading class sun/security/ssl/SSLBasicKeyDerivation$SecretSizeSpec
Event: 3475.027 Loading class sun/security/ssl/SSLBasicKeyDerivation$SecretSizeSpec done
Event: 3475.074 Loading class sun/security/ssl/PostHandshakeContext
Event: 3475.077 Loading class sun/security/ssl/PostHandshakeContext done
Event: 3475.078 Loading class sun/security/ssl/NewSessionTicket$T13NewSessionTicketMessage
Event: 3475.081 Loading class sun/security/ssl/NewSessionTicket$T13NewSessionTicketMessage done
Event: 12085.749 Loading class java/util/Collections$EmptyListIterator
Event: 12085.753 Loading class java/util/Collections$EmptyListIterator done
Event: 100382.430 Loading class java/util/stream/ReferencePipeline$15
Event: 100382.438 Loading class java/util/stream/ReferencePipeline$15 done
Event: 100382.458 Loading class java/util/stream/ReferencePipeline$15$1
Event: 100382.463 Loading class java/util/stream/ReferencePipeline$15$1 done
Event: 100383.655 Loading class java/util/Scanner
Event: 100383.661 Loading class java/util/Scanner done
Event: 100383.676 Loading class java/util/HashMap$EntrySpliterator
Event: 100383.681 Loading class java/util/HashMap$EntrySpliterator done

Classes unloaded (20 events):
Event: 77603.471 Thread 0x0000026be85dbf00 Unloading class 0x0000026b81082400 'java/lang/invoke/LambdaForm$MH+0x0000026b81082400'
Event: 77603.472 Thread 0x0000026be85dbf00 Unloading class 0x0000026b81081c00 'java/lang/invoke/LambdaForm$MH+0x0000026b81081c00'
Event: 77603.472 Thread 0x0000026be85dbf00 Unloading class 0x0000026b81081800 'java/lang/invoke/LambdaForm$MH+0x0000026b81081800'
Event: 77603.472 Thread 0x0000026be85dbf00 Unloading class 0x0000026b81081400 'java/lang/invoke/LambdaForm$MH+0x0000026b81081400'
Event: 77603.472 Thread 0x0000026be85dbf00 Unloading class 0x0000026b81081000 'java/lang/invoke/LambdaForm$MH+0x0000026b81081000'
Event: 77603.472 Thread 0x0000026be85dbf00 Unloading class 0x0000026b81080800 'java/lang/invoke/LambdaForm$MH+0x0000026b81080800'
Event: 77603.472 Thread 0x0000026be85dbf00 Unloading class 0x0000026b81080400 'java/lang/invoke/LambdaForm$MH+0x0000026b81080400'
Event: 77603.472 Thread 0x0000026be85dbf00 Unloading class 0x0000026b81080000 'java/lang/invoke/LambdaForm$MH+0x0000026b81080000'
Event: 77603.472 Thread 0x0000026be85dbf00 Unloading class 0x0000026b8101f800 'java/lang/invoke/LambdaForm$MH+0x0000026b8101f800'
Event: 77603.472 Thread 0x0000026be85dbf00 Unloading class 0x0000026b8101e800 'java/lang/invoke/LambdaForm$MH+0x0000026b8101e800'
Event: 77603.472 Thread 0x0000026be85dbf00 Unloading class 0x0000026b8101e400 'java/lang/invoke/LambdaForm$MH+0x0000026b8101e400'
Event: 77603.472 Thread 0x0000026be85dbf00 Unloading class 0x0000026b8101dc00 'java/lang/invoke/LambdaForm$MH+0x0000026b8101dc00'
Event: 77603.472 Thread 0x0000026be85dbf00 Unloading class 0x0000026b8101d400 'java/lang/invoke/LambdaForm$MH+0x0000026b8101d400'
Event: 77603.472 Thread 0x0000026be85dbf00 Unloading class 0x0000026b81019400 'java/lang/invoke/LambdaForm$MH+0x0000026b81019400'
Event: 77603.472 Thread 0x0000026be85dbf00 Unloading class 0x0000026b81018400 'java/lang/invoke/LambdaForm$MH+0x0000026b81018400'
Event: 77603.472 Thread 0x0000026be85dbf00 Unloading class 0x0000026b81018000 'java/lang/invoke/LambdaForm$MH+0x0000026b81018000'
Event: 77603.472 Thread 0x0000026be85dbf00 Unloading class 0x0000026b81017400 'java/lang/invoke/LambdaForm$MH+0x0000026b81017400'
Event: 77603.473 Thread 0x0000026be85dbf00 Unloading class 0x0000026b81016400 'java/lang/invoke/LambdaForm$MH+0x0000026b81016400'
Event: 77603.473 Thread 0x0000026be85dbf00 Unloading class 0x0000026b81014800 'java/lang/invoke/LambdaForm$MH+0x0000026b81014800'
Event: 77603.473 Thread 0x0000026be85dbf00 Unloading class 0x0000026b81000400 'java/lang/invoke/LambdaForm$MH+0x0000026b81000400'

Classes redefined (0 events):
No events

Internal exceptions (20 events):
Event: 180221.061 Thread 0x0000026bc58fd4f0 Implicit null exception at 0x0000026bf4c23d5d to 0x0000026bf4c26824
Event: 180221.304 Thread 0x0000026bc58f7fa0 Implicit null exception at 0x0000026bf4732ee5 to 0x0000026bf4734524
Event: 180221.305 Thread 0x0000026bc58f7fa0 Implicit null exception at 0x0000026bf4a14ff6 to 0x0000026bf4a15e6c
Event: 180221.305 Thread 0x0000026bc58f7fa0 Implicit null exception at 0x0000026bf4cdb1e0 to 0x0000026bf4cdbd78
Event: 180221.306 Thread 0x0000026bc58f7fa0 Implicit null exception at 0x0000026bf3ce3ea9 to 0x0000026bf3ce59cc
Event: 180221.321 Thread 0x0000026bc58f7fa0 Implicit null exception at 0x0000026bf42a8ce1 to 0x0000026bf42b2cf0
Event: 180225.701 Thread 0x0000026bc58f9350 Implicit null exception at 0x0000026bf39fce6e to 0x0000026bf39fcfdc
Event: 180225.913 Thread 0x0000026bc58fad90 Implicit null exception at 0x0000026bf4cc9276 to 0x0000026bf4cc9299
Event: 180232.587 Thread 0x0000026bc5abf290 Exception <a 'sun/nio/fs/WindowsException'{0x00000000d5962200}> (0x00000000d5962200) 
thrown [s\src\hotspot\share\prims\jni.cpp, line 520]
Event: 180232.739 Thread 0x0000026bc5abf290 Exception <a 'sun/nio/fs/WindowsException'{0x00000000d5621750}> (0x00000000d5621750) 
thrown [s\src\hotspot\share\prims\jni.cpp, line 520]
Event: 180237.803 Thread 0x0000026bc5abf290 Exception <a 'sun/nio/fs/WindowsException'{0x00000000d5771ca8}> (0x00000000d5771ca8) 
thrown [s\src\hotspot\share\prims\jni.cpp, line 520]
Event: 180237.903 Thread 0x0000026bc5abf290 Exception <a 'sun/nio/fs/WindowsException'{0x00000000d572a4c0}> (0x00000000d572a4c0) 
thrown [s\src\hotspot\share\prims\jni.cpp, line 520]
Event: 180246.629 Thread 0x0000026bc5abf290 Exception <a 'sun/nio/fs/WindowsException'{0x00000000d5cd3cd0}> (0x00000000d5cd3cd0) 
thrown [s\src\hotspot\share\prims\jni.cpp, line 520]
Event: 180246.750 Thread 0x0000026bc5abf290 Exception <a 'sun/nio/fs/WindowsException'{0x00000000d5ace4f8}> (0x00000000d5ace4f8) 
thrown [s\src\hotspot\share\prims\jni.cpp, line 520]
Event: 180251.357 Thread 0x0000026bc5abf290 Exception <a 'sun/nio/fs/WindowsException'{0x00000000d5b0ef40}> (0x00000000d5b0ef40) 
thrown [s\src\hotspot\share\prims\jni.cpp, line 520]
Event: 180251.594 Thread 0x0000026bc5abf290 Exception <a 'sun/nio/fs/WindowsException'{0x00000000d5afb908}> (0x00000000d5afb908) 
thrown [s\src\hotspot\share\prims\jni.cpp, line 520]
Event: 180263.049 Thread 0x0000026bc5abf290 Exception <a 'sun/nio/fs/WindowsException'{0x00000000d56c1b98}> (0x00000000d56c1b98) 
thrown [s\src\hotspot\share\prims\jni.cpp, line 520]
Event: 180263.291 Thread 0x0000026bc5abf290 Exception <a 'sun/nio/fs/WindowsException'{0x00000000d5919cb8}> (0x00000000d5919cb8) 
thrown [s\src\hotspot\share\prims\jni.cpp, line 520]
Event: 180265.081 Thread 0x0000026bc5abf290 Exception <a 'sun/nio/fs/WindowsException'{0x00000000d5c571c8}> (0x00000000d5c571c8) 
thrown [s\src\hotspot\share\prims\jni.cpp, line 520]
Event: 180265.184 Thread 0x0000026bc5abf290 Exception <a 'sun/nio/fs/WindowsException'{0x00000000d5d05568}> (0x00000000d5d05568) 
thrown [s\src\hotspot\share\prims\jni.cpp, line 520]

ZGC Phase Switch (0 events):
No events

VM Operations (20 events):
Event: 181138.356 Executing VM operation: ParallelGCFailedAllocation (Allocation Failure)
Event: 181138.361 Executing VM operation: ParallelGCFailedAllocation (Allocation Failure) done
Event: 181139.190 Executing VM operation: ParallelGCFailedAllocation (Allocation Failure)
Event: 181139.195 Executing VM operation: ParallelGCFailedAllocation (Allocation Failure) done
Event: 181139.216 Executing VM operation: ParallelGCFailedAllocation (Allocation Failure)
Event: 181139.221 Executing VM operation: ParallelGCFailedAllocation (Allocation Failure) done
Event: 181139.933 Executing VM operation: ParallelGCFailedAllocation (Allocation Failure)
Event: 181139.937 Executing VM operation: ParallelGCFailedAllocation (Allocation Failure) done
Event: 181139.957 Executing VM operation: ParallelGCFailedAllocation (Allocation Failure)
Event: 181139.960 Executing VM operation: ParallelGCFailedAllocation (Allocation Failure) done
Event: 181141.393 Executing VM operation: ParallelGCFailedAllocation (Allocation Failure)
Event: 181141.398 Executing VM operation: ParallelGCFailedAllocation (Allocation Failure) done
Event: 181152.685 Executing VM operation: HandshakeAllThreads (HandshakeForDeflation)
Event: 181152.685 Executing VM operation: HandshakeAllThreads (HandshakeForDeflation) done
Event: 181152.685 Executing VM operation: RendezvousGCThreads
Event: 181152.685 Executing VM operation: RendezvousGCThreads done
Event: 181332.899 Executing VM operation: HandshakeAllThreads (HandshakeForDeflation)
Event: 181332.899 Executing VM operation: HandshakeAllThreads (HandshakeForDeflation) done
Event: 181332.899 Executing VM operation: RendezvousGCThreads
Event: 181332.899 Executing VM operation: RendezvousGCThreads done

Memory protections (0 events):
No events

Nmethod flushes (20 events):
Event: 77605.433 Thread 0x0000026be85dbf00 flushing  nmethod 0x0000026bee3db490
Event: 77605.433 Thread 0x0000026be85dbf00 flushing  nmethod 0x0000026bee3dbf10
Event: 77605.433 Thread 0x0000026be85dbf00 flushing  nmethod 0x0000026bee3fab10
Event: 77605.433 Thread 0x0000026be85dbf00 flushing  nmethod 0x0000026bee3fd890
Event: 77605.433 Thread 0x0000026be85dbf00 flushing  nmethod 0x0000026bee401d90
Event: 77605.433 Thread 0x0000026be85dbf00 flushing  nmethod 0x0000026bee40c890
Event: 77605.433 Thread 0x0000026be85dbf00 flushing  nmethod 0x0000026bee415010
Event: 77605.433 Thread 0x0000026be85dbf00 flushing  nmethod 0x0000026bee418e90
Event: 77605.433 Thread 0x0000026be85dbf00 flushing  nmethod 0x0000026bee428890
Event: 77605.433 Thread 0x0000026be85dbf00 flushing  nmethod 0x0000026bee442d10
Event: 77605.433 Thread 0x0000026be85dbf00 flushing  nmethod 0x0000026bee489a90
Event: 77605.434 Thread 0x0000026be85dbf00 flushing  nmethod 0x0000026bee4a7090
Event: 77605.434 Thread 0x0000026be85dbf00 flushing  nmethod 0x0000026bee4f9010
Event: 77605.434 Thread 0x0000026be85dbf00 flushing  nmethod 0x0000026bee515a90
Event: 77605.434 Thread 0x0000026be85dbf00 flushing  nmethod 0x0000026bee51c090
Event: 77605.434 Thread 0x0000026be85dbf00 flushing  nmethod 0x0000026bee526190
Event: 77605.434 Thread 0x0000026be85dbf00 flushing  nmethod 0x0000026bee541510
Event: 77605.434 Thread 0x0000026be85dbf00 flushing  nmethod 0x0000026bee5bb810
Event: 77605.434 Thread 0x0000026be85dbf00 flushing  nmethod 0x0000026bee5e1910
Event: 77605.434 Thread 0x0000026be85dbf00 flushing  nmethod 0x0000026bee93c890

Events (20 events):
Event: 180546.699 Thread 0x0000026bc58ff5c0 Thread exited: 0x0000026bc58ff5c0
Event: 180563.067 Thread 0x0000026bc58fa070 Thread exited: 0x0000026bc58fa070
Event: 180702.445 Thread 0x0000026bc84398c0 Thread added: 0x0000026bc8439f50
Event: 180704.720 Thread 0x0000026bc8439f50 Thread added: 0x0000026bc843a5e0
Event: 180706.291 Thread 0x0000026bc84398c0 Thread added: 0x0000026bc843ac70
Event: 180706.790 Thread 0x0000026bc58f8630 Thread added: 0x0000026bc8437e80
Event: 180708.199 Thread 0x0000026bc58fd4f0 Thread exited: 0x0000026bc58fd4f0
Event: 180752.724 Thread 0x0000026bc58f8630 Thread added: 0x0000026bc843b990
Event: 180834.479 Thread 0x0000026bc843b990 Thread exited: 0x0000026bc843b990
Event: 180838.309 Thread 0x0000026bc843a5e0 Thread exited: 0x0000026bc843a5e0
Event: 180838.318 Thread 0x0000026bc8439f50 Thread added: 0x0000026bc843a5e0
Event: 180838.318 Thread 0x0000026bc8439f50 Thread exited: 0x0000026bc8439f50
Event: 180898.321 Thread 0x0000026bc843a5e0 Thread exited: 0x0000026bc843a5e0
Event: 180958.335 Thread 0x0000026bc843ac70 Thread exited: 0x0000026bc843ac70
Event: 181095.897 Thread 0x0000026bc84398c0 Thread added: 0x0000026bc8439f50
Event: 181099.657 Thread 0x0000026bc8439f50 Thread added: 0x0000026bc843c6b0
Event: 181099.659 Thread 0x0000026bc8439f50 Thread added: 0x0000026bc843ac70
Event: 181202.358 Thread 0x0000026bc843ac70 Thread exited: 0x0000026bc843ac70
Event: 181262.365 Thread 0x0000026bc8439f50 Thread exited: 0x0000026bc8439f50
Event: 181322.365 Thread 0x0000026bc843c6b0 Thread exited: 0x0000026bc843c6b0


Dynamic libraries:
0x00007ff649640000 - 0x00007ff64964e000 	c:\Users\rahul\.vscode\extensions\redhat.java-1.51.0-win32-x64\jre\21.0.9-win32-x86_64\bin\java.exe
0x00007ffc13ca0000 - 0x00007ffc13f07000 	C:\WINDOWS\SYSTEM32\ntdll.dll
0x00007ffc12e70000 - 0x00007ffc12f39000 	C:\WINDOWS\System32\KERNEL32.DLL
0x00007ffc110b0000 - 0x00007ffc1149f000 	C:\WINDOWS\System32\KERNELBASE.dll
0x00007ffc10ed0000 - 0x00007ffc1101b000 	C:\WINDOWS\System32\ucrtbase.dll
0x00007ffc06c20000 - 0x00007ffc06c38000 	c:\Users\rahul\.vscode\extensions\redhat.java-1.51.0-win32-x64\jre\21.0.9-win32-x86_64\bin\jli.dll
0x00007ffc12630000 - 0x00007ffc127f5000 	C:\WINDOWS\System32\USER32.dll
0x00007ffc10df0000 - 0x00007ffc10e17000 	C:\WINDOWS\System32\win32u.dll
0x00007ffc13830000 - 0x00007ffc1385b000 	C:\WINDOWS\System32\GDI32.dll
0x00007ffc06bb0000 - 0x00007ffc06bce000 	c:\Users\rahul\.vscode\extensions\redhat.java-1.51.0-win32-x64\jre\21.0.9-win32-x86_64\bin\VCRUNTIME140.dll
0x00007ffc11910000 - 0x00007ffc11a3c000 	C:\WINDOWS\System32\gdi32full.dll
0x00007ffc116f0000 - 0x00007ffc11793000 	C:\WINDOWS\System32\msvcp_win.dll
0x00007ffc004c0000 - 0x00007ffc00753000 	C:\WINDOWS\WinSxS\amd64_microsoft.windows.common-controls_6595b64144ccf1df_6.0.26100.7309_none_3e05feeae336a044\COMCTL32.dll
0x00007ffc128f0000 - 0x00007ffc12999000 	C:\WINDOWS\System32\msvcrt.dll
0x00007ffc128b0000 - 0x00007ffc128e1000 	C:\WINDOWS\System32\IMM32.DLL
0x00007ffc0ce70000 - 0x00007ffc0ce7c000 	c:\Users\rahul\.vscode\extensions\redhat.java-1.51.0-win32-x64\jre\21.0.9-win32-x86_64\bin\vcruntime140_1.dll
0x00007ffbeaab0000 - 0x00007ffbeab3d000 	c:\Users\rahul\.vscode\extensions\redhat.java-1.51.0-win32-x64\jre\21.0.9-win32-x86_64\bin\msvcp140.dll
0x00007ffbb3800000 - 0x00007ffbb45a0000 	c:\Users\rahul\.vscode\extensions\redhat.java-1.51.0-win32-x64\jre\21.0.9-win32-x86_64\bin\server\jvm.dll
0x00007ffc12f50000 - 0x00007ffc13004000 	C:\WINDOWS\System32\ADVAPI32.dll
0x00007ffc13600000 - 0x00007ffc136a6000 	C:\WINDOWS\System32\sechost.dll
0x00007ffc133d0000 - 0x00007ffc134e8000 	C:\WINDOWS\System32\RPCRT4.dll
0x00007ffc12c10000 - 0x00007ffc12c84000 	C:\WINDOWS\System32\WS2_32.dll
0x00007ffc10c70000 - 0x00007ffc10cce000 	C:\WINDOWS\SYSTEM32\POWRPROF.dll
0x00007ffc041c0000 - 0x00007ffc041f5000 	C:\WINDOWS\SYSTEM32\WINMM.dll
0x00007ffc05470000 - 0x00007ffc0547b000 	C:\WINDOWS\SYSTEM32\VERSION.dll
0x00007ffc10c50000 - 0x00007ffc10c64000 	C:\WINDOWS\SYSTEM32\UMPDC.dll
0x00007ffc0fba0000 - 0x00007ffc0fbbb000 	C:\WINDOWS\SYSTEM32\kernel.appcore.dll
0x00007ffc00800000 - 0x00007ffc0080a000 	c:\Users\rahul\.vscode\extensions\redhat.java-1.51.0-win32-x64\jre\21.0.9-win32-x86_64\bin\jimage.dll
0x00007ffc088a0000 - 0x00007ffc08ae2000 	C:\WINDOWS\SYSTEM32\DBGHELP.DLL
0x00007ffc13860000 - 0x00007ffc13be6000 	C:\WINDOWS\System32\combase.dll
0x00007ffc13010000 - 0x00007ffc130e6000 	C:\WINDOWS\System32\OLEAUT32.dll
0x00007ffbf4050000 - 0x00007ffbf408c000 	C:\WINDOWS\SYSTEM32\dbgcore.DLL
0x00007ffc10e20000 - 0x00007ffc10ec5000 	C:\WINDOWS\System32\bcryptPrimitives.dll
0x00007ffbff220000 - 0x00007ffbff22f000 	c:\Users\rahul\.vscode\extensions\redhat.java-1.51.0-win32-x64\jre\21.0.9-win32-x86_64\bin\instrument.dll
0x00007ffbf6b70000 - 0x00007ffbf6b90000 	c:\Users\rahul\.vscode\extensions\redhat.java-1.51.0-win32-x64\jre\21.0.9-win32-x86_64\bin\java.dll
0x00007ffc11ed0000 - 0x00007ffc12623000 	C:\WINDOWS\System32\SHELL32.dll
0x00007ffc117a0000 - 0x00007ffc1190a000 	C:\WINDOWS\System32\wintypes.dll
0x00007ffc0ea30000 - 0x00007ffc0f28e000 	C:\WINDOWS\SYSTEM32\windows.storage.dll
0x00007ffc129b0000 - 0x00007ffc12aa5000 	C:\WINDOWS\System32\SHCORE.dll
0x00007ffc13bf0000 - 0x00007ffc13c56000 	C:\WINDOWS\System32\shlwapi.dll
0x00007ffc10d10000 - 0x00007ffc10d39000 	C:\WINDOWS\SYSTEM32\profapi.dll
0x00007ffbf6af0000 - 0x00007ffbf6b08000 	c:\Users\rahul\.vscode\extensions\redhat.java-1.51.0-win32-x64\jre\21.0.9-win32-x86_64\bin\zip.dll
0x00007ffbfd5d0000 - 0x00007ffbfd5e0000 	C:\Users\rahul\.vscode\extensions\redhat.java-1.51.0-win32-x64\jre\21.0.9-win32-x86_64\bin\net.dll
0x00007ffc09a50000 - 0x00007ffc09b78000 	C:\WINDOWS\SYSTEM32\WINHTTP.dll
0x00007ffc10110000 - 0x00007ffc1017b000 	C:\WINDOWS\system32\mswsock.dll
0x00007ffbf6a70000 - 0x00007ffbf6a86000 	C:\Users\rahul\.vscode\extensions\redhat.java-1.51.0-win32-x64\jre\21.0.9-win32-x86_64\bin\nio.dll
0x00007ffbfd550000 - 0x00007ffbfd560000 	c:\Users\rahul\.vscode\extensions\redhat.java-1.51.0-win32-x64\jre\21.0.9-win32-x86_64\bin\verify.dll
0x00007ffbf23f0000 - 0x00007ffbf2434000 	C:\Users\rahul\AppData\Roaming\Code\User\globalStorage\redhat.java\1.51.0\config_win\org.eclipse.equinox.launcher\org.eclipse.equinox.launcher.win32.win32.x86_64_1.2.1400.v20250801-0854\eclipse_11916.dll
0x00007ffc130f0000 - 0x00007ffc13287000 	C:\WINDOWS\System32\ole32.dll
0x00007ffc103e0000 - 0x00007ffc103fb000 	C:\WINDOWS\SYSTEM32\CRYPTSP.dll
0x00007ffc0fb00000 - 0x00007ffc0fb3a000 	C:\WINDOWS\system32\rsaenh.dll
0x00007ffc101c0000 - 0x00007ffc101eb000 	C:\WINDOWS\SYSTEM32\USERENV.dll
0x00007ffc10ce0000 - 0x00007ffc10d0a000 	C:\WINDOWS\SYSTEM32\bcrypt.dll
0x00007ffc103d0000 - 0x00007ffc103dc000 	C:\WINDOWS\SYSTEM32\CRYPTBASE.dll
0x00007ffc0f600000 - 0x00007ffc0f634000 	C:\WINDOWS\SYSTEM32\IPHLPAPI.DLL
0x00007ffc12f40000 - 0x00007ffc12f4a000 	C:\WINDOWS\System32\NSI.dll
0x00007ffbf0c40000 - 0x00007ffbf0c89000 	C:\Users\rahul\AppData\Local\Temp\jna-108274800\jna11944984413765243622.dll
0x00007ffc128a0000 - 0x00007ffc128a8000 	C:\WINDOWS\System32\PSAPI.DLL
0x00007ffc09a20000 - 0x00007ffc09a3e000 	C:\WINDOWS\SYSTEM32\dhcpcsvc6.DLL
0x00007ffc099d0000 - 0x00007ffc099f3000 	C:\WINDOWS\SYSTEM32\dhcpcsvc.DLL
0x00007ffc07320000 - 0x00007ffc0732e000 	C:\Users\rahul\.vscode\extensions\redhat.java-1.51.0-win32-x64\jre\21.0.9-win32-x86_64\bin\sunmscapi.dll
0x00007ffc11570000 - 0x00007ffc116e7000 	C:\WINDOWS\System32\CRYPT32.dll
0x00007ffc105f0000 - 0x00007ffc10620000 	C:\WINDOWS\SYSTEM32\ncrypt.dll
0x00007ffc105a0000 - 0x00007ffc105df000 	C:\WINDOWS\SYSTEM32\NTASN1.dll
0x00007ffc0f6a0000 - 0x00007ffc0f7cc000 	C:\WINDOWS\SYSTEM32\DNSAPI.dll
0x00007ffc05cb0000 - 0x00007ffc05cbb000 	C:\Windows\System32\rasadhlp.dll
0x00007ffc08810000 - 0x00007ffc08896000 	C:\WINDOWS\System32\fwpuclnt.dll
0x00007ffbfd760000 - 0x00007ffbfd769000 	C:\Users\rahul\.vscode\extensions\redhat.java-1.51.0-win32-x64\jre\21.0.9-win32-x86_64\bin\extnet.dll

JVMTI agents:
c:\Users\rahul\.vscode\extensions\redhat.java-1.51.0-win32-x64\lombok\lombok-1.18.39-4050.jar path:c:\Users\rahul\.vscode\extensions\redhat.java-1.51.0-win32-x64\jre\21.0.9-win32-x86_64\bin\instrument.dll, loaded, initialized, instrumentlib options:none

dbghelp: loaded successfully - version: 4.0.5 - missing functions: none
symbol engine: initialized successfully - sym options: 0x614 - pdb path: .;c:\Users\rahul\.vscode\extensions\redhat.java-1.51.0-win32-x64\jre\21.0.9-win32-x86_64\bin;C:\WINDOWS\SYSTEM32;C:\WINDOWS\WinSxS\amd64_microsoft.windows.common-controls_6595b64144ccf1df_6.0.26100.7309_none_3e05feeae336a044;c:\Users\rahul\.vscode\extensions\redhat.java-1.51.0-win32-x64\jre\21.0.9-win32-x86_64\bin\server;C:\Users\rahul\AppData\Roaming\Code\User\globalStorage\redhat.java\1.51.0\config_win\org.eclipse.equinox.launcher\org.eclipse.equinox.launcher.win32.win32.x86_64_1.2.1400.v20250801-0854;C:\Users\rahul\AppData\Local\Temp\jna-108274800

VM Arguments:
jvm_args: --add-modules=ALL-SYSTEM --add-opens=java.base/java.util=ALL-UNNAMED --add-opens=java.base/java.lang=ALL-UNNAMED --add-opens=java.base/sun.nio.fs=ALL-UNNAMED -Declipse.application=org.eclipse.jdt.ls.core.id1 -Dosgi.bundles.defaultStartLevel=4 -Declipse.product=org.eclipse.jdt.ls.core.product -Djava.import.generatesMetadataFilesAtProjectRoot=false -DDetectVMInstallationsJob.disabled=true -Dfile.encoding=utf8 -XX:+UseParallelGC -XX:GCTimeRatio=4 -XX:AdaptiveSizePolicyWeight=90 -Dsun.zip.disableMemoryMapping=true -Xmx2G -Xms100m -Xlog:disable -javaagent:c:\Users\rahul\.vscode\extensions\redhat.java-1.51.0-win32-x64\lombok\lombok-1.18.39-4050.jar -XX:+HeapDumpOnOutOfMemoryError -XX:HeapDumpPath=c:\Users\rahul\AppData\Roaming\Code\User\workspaceStorage\a6ae2ffe8394f0ba21be2d84e92d98ce\redhat.java -Daether.dependencyCollector.impl=bf 
java_command: c:\Users\rahul\.vscode\extensions\redhat.java-1.51.0-win32-x64\server\plugins\org.eclipse.equinox.launcher_1.7.100.v20251111-0406.jar -configuration c:\Users\rahul\AppData\Roaming\Code\User\globalStorage\redhat.java\1.51.0\config_win -data c:\Users\rahul\AppData\Roaming\Code\User\workspaceStorage\a6ae2ffe8394f0ba21be2d84e92d98ce\redhat.java\jdt_ws --pipe=\\.\pipe\lsp-2a721dbb688f7515033e28ac75a6097d-sock
java_class_path (initial): c:\Users\rahul\.vscode\extensions\redhat.java-1.51.0-win32-x64\server\plugins\org.eclipse.equinox.launcher_1.7.100.v20251111-0406.jar
Launcher Type: SUN_STANDARD

[Global flags]
    uintx AdaptiveSizePolicyWeight                 = 90                                        {product} {command line}
     intx CICompilerCount                          = 3                                         {product} {ergonomic}
    uintx GCTimeRatio                              = 4                                         {product} {command line}
     bool HeapDumpOnOutOfMemoryError               = true                                   {manageable} {command line}
    ccstr HeapDumpPath                             = c:\Users\rahul\AppData\Roaming\Code\User\workspaceStorage\a6ae2ffe8394f0ba21be2d84e92d98ce\redhat.java         {manageable} {command line}
   size_t InitialHeapSize                          = 104857600                                 {product} {command line}
   size_t MaxHeapSize                              = 2147483648                                {product} {command line}
   size_t MaxNewSize                               = 715653120                                 {product} {ergonomic}
   size_t MinHeapDeltaBytes                        = 524288                                    {product} {ergonomic}
   size_t MinHeapSize                              = 104857600                                 {product} {command line}
   size_t NewSize                                  = 34603008                                  {product} {ergonomic}
    uintx NonNMethodCodeHeapSize                   = 5832780                                {pd product} {ergonomic}
    uintx NonProfiledCodeHeapSize                  = 122912730                              {pd product} {ergonomic}
   size_t OldSize                                  = 70254592                                  {product} {ergonomic}
    uintx ProfiledCodeHeapSize                     = 122912730                              {pd product} {ergonomic}
    uintx ReservedCodeCacheSize                    = 251658240                              {pd product} {ergonomic}
     bool SegmentedCodeCache                       = true                                      {product} {ergonomic}
   size_t SoftMaxHeapSize                          = 2147483648                             {manageable} {ergonomic}
     bool UseCompressedOops                        = true                           {product lp64_product} {ergonomic}
     bool UseLargePagesIndividualAllocation        = false                                  {pd product} {ergonomic}
     bool UseParallelGC                            = true                                      {product} {command line}

Logging:
Log output configuration:
 #0: stdout all=off uptime,level,tags foldmultilines=false
 #1: stderr all=off uptime,level,tags foldmultilines=false

Release file:
JAVA_VERSION="21.0.9" 
MODULES="java.base java.compiler java.datatransfer java.xml java.prefs java.desktop java.instrument java.logging java.management java.security.sasl java.naming java.rmi java.management.rmi java.net.http java.scripting java.security.jgss java.transaction.xa java.sql java.sql.rowset java.xml.crypto java.se java.smartcardio jdk.accessibility jdk.internal.jvmstat jdk.attach jdk.charsets jdk.internal.opt jdk.zipfs jdk.compiler jdk.crypto.ec jdk.crypto.cryptoki jdk.crypto.mscapi jdk.dynalink jdk.internal.ed jdk.editpad jdk.hotspot.agent jdk.httpserver jdk.internal.le jdk.internal.vm.ci jdk.internal.vm.compiler jdk.internal.vm.compiler.management jdk.jartool jdk.javadoc jdk.jcmd jdk.management jdk.management.agent jdk.jconsole jdk.jdeps jdk.jdwp.agent jdk.jdi jdk.jfr jdk.jshell jdk.jsobject jdk.jstatd jdk.localedata jdk.management.jfr jdk.naming.dns jdk.naming.rmi jdk.net jdk.nio.mapmode jdk.random jdk.sctp jdk.security.auth jdk.security.jgss jdk.unsupported jdk.unsupported.desktop jdk.xml.dom" 

Environment Variables:
PATH=C:\Python313\Scripts\;C:\Python313\;C:\Windows\System32;C:\Program Files\nodejs\;C:\ProgramData\chocolatey\bin;C:\Users\rahul\Downloads\flutter\bin;C:\Users\rahul\AppData\Local\Programs\Microsoft VS Code\bin;C:\Users\rahul\AppData\Local\Microsoft\WindowsApps;C:\MinGW\bin;C:\Program Files\JetBrains\IntelliJ IDEA 2025.1.4.1\bin;;C:\Program Files\JetBrains\IntelliJ IDEA Community Edition 2025.1.4.1\bin;;C:\Program Files\Java\jdk-24\bin;C:\Users\rahul\AppData\Roaming\npm;C:\Users\rahul\AppData\Local\Microsoft\WinGet\Packages\Gyan.FFmpeg_Microsoft.Winget.Source_8wekyb3d8bbwe\ffmpeg-8.0.1-full_build\bin;C:\Users\rahul\AppData\Local\Programs\Antigravity\bin
USERNAME=rahul
OS=Windows_NT
PROCESSOR_IDENTIFIER=AMD64 Family 23 Model 24 Stepping 1, AuthenticAMD
TMP=C:\Users\rahul\AppData\Local\Temp
TEMP=C:\Users\rahul\AppData\Local\Temp




Periodic native trim disabled

---------------  S Y S T E M  ---------------

OS:
 Windows 11 , 64 bit Build 26100 (10.0.26100.7623)
OS uptime: 6 days 17:10 hours

CPU: total 4 (initial active 4) (4 cores per cpu, 2 threads per core) family 23 model 24 stepping 1 microcode 0x8108109, cx8, cmov, fxsr, ht, mmx, 3dnowpref, sse, sse2, sse3, ssse3, sse4a, sse4.1, sse4.2, popcnt, lzcnt, tsc, tscinvbit, avx, avx2, aes, clmul, bmi1, bmi2, adx, sha, fma, vzeroupper, clflush, clflushopt, rdtscp, f16c
Processor Information for the first 4 processors :
  Max Mhz: 2600, Current Mhz: 2600, Mhz Limit: 2600

Memory: 4k page, system-wide physical 3521M (247M free)
TotalPageFile size 14273M (AvailPageFile size 80M)
current process WorkingSet (physical memory assigned to process): 7M, peak: 762M
current process commit charge ("private bytes"): 1484M, peak: 1506M

vm_info: OpenJDK 64-Bit Server VM (21.0.9+10-LTS) for windows-amd64 JRE (21.0.9+10-LTS), built on 2025-10-21T00:00:00Z by "admin" with unknown MS VC++:1942

END.
